have_builtin_func: checking for __builtin_clz()... -------------------- yes

PATH=".;C:/Ruby31-x64/lib;C:\Ruby31-x64\bin;C:\Ruby31-x64\msys64\ucrt64\bin;C:\Ruby31-x64\msys64\usr\bin;C:\Program Files\PowerShell\7;C:\Program Files (x86)\Common Files\Oracle\Java\java8path;C:\Program Files (x86)\Common Files\Oracle\Java\javapath;C:\Program Files (x86)\VMware\VMware Player\bin\;C:\Program Files (x86)\NVIDIA Corporation\PhysX\Common;C:\WINDOWS\system32;C:\WINDOWS;C:\WINDOWS\System32\Wbem;C:\WINDOWS\System32\WindowsPowerShell\v1.0\;C:\WINDOWS\System32\OpenSSH\;C:\ProgramData\chocolatey\bin;C:\Users\Dolly\AppData\Local\Packages\PythonSoftwareFoundation.Python.3.7_qbz5n2kfra8p0\LocalCache\local-packages\Python37\Scripts\;C:\Program Files (x86)\oh-my-posh\bin;C:\Program Files\dotnet\;C:\Program Files (x86)\GTK2-Runtime\bin;c:\Users\Dolly\AppData\Local\Programs\cursor\resources\app\bin;C:\Program Files\gs\gs10.01.2\bin;C:\Program Files (x86)\Heavyocity\Heavyocity Portal;C:\Program Files\Pandoc\;C:\Program Files\PowerShell\7\;C:\Program Files\gsudo\Current;C:\Program Files\nodejs\;C:\Program Files\Meld\;C:\Program Files\Git\cmd;C:\Users\Dolly\AppData\Local\Programs\Python\Python311\Scripts\;C:\Users\Dolly\AppData\Local\Programs\Python\Python311\;C:\Users\Dolly\AppData\Local\Programs\Python\Launcher\;C:\Ruby31-x64\bin;C:\Users\Dolly\scoop\shims;C:\Users\Dolly\AppData\Local\Microsoft\WindowsApps;C:\OSGeo4W\bin;C:\bin\osm2pgsql-bin;C:\bin\platform-tools;C:\Users\Dolly\AppData\Local\Programs\oh-my-posh\bin;C:\Users\Dolly\AppData\Local\Programs\Hyper\resources\bin;C:\Users\Dolly\AppData\Local\GitHubDesktop\bin;C:\Program Files\ImageMagick-7.1.1-Q16-HDRI;C:\Users\Dolly\AppData\Local\Microsoft\WinGet\Packages\jqlang.jq_Microsoft.Winget.Source_8wekyb3d8bbwe;C:\Program Files\snap\bin;C:\Users\Dolly\.dotnet\tools;C:\Program Files\Vim\vim90;C:\Users\Dolly\AppData\Roaming\npm;C:\Users\Dolly\AppData\Local\Programs\Microsoft VS Code Insiders\bin" "gcc -o conftest.exe -IC:/Ruby31-x64/include/ruby-3.1.0/x64-mingw-ucrt -IC:/Ruby31-x64/include/ruby-3.1.0/ruby/backward -IC:/Ruby31-x64/include/ruby-3.1.0 -I. -D__USE_MINGW_ANSI_STDIO=1 -DFD_SETSIZE=2048 -D_WIN32_WINNT=0x0600 -D__MINGW_USE_VC2005_COMPAT -D_FILE_OFFSET_BITS=64  -O3 -fno-fast-math -fstack-protector-strong conftest.c  -L. -LC:/Ruby31-x64/lib -L. -pipe -s -fstack-protector-strong -Wl,--no-as-needed  -m64   -lx64-ucrt-ruby310  -lshell32 -lws2_32 -liphlpapi -limagehlp -lshlwapi -lbcrypt  "
checked program was:
/* begin */
1: #include "ruby.h"
2: 
3: #include <winsock2.h>
4: #include <windows.h>
5: int main(int argc, char **argv)
6: {
7:   return !!argv[argc];
8: }
/* end */

PATH=".;C:/Ruby31-x64/lib;C:\Ruby31-x64\bin;C:\Ruby31-x64\msys64\ucrt64\bin;C:\Ruby31-x64\msys64\usr\bin;C:\Program Files\PowerShell\7;C:\Program Files (x86)\Common Files\Oracle\Java\java8path;C:\Program Files (x86)\Common Files\Oracle\Java\javapath;C:\Program Files (x86)\VMware\VMware Player\bin\;C:\Program Files (x86)\NVIDIA Corporation\PhysX\Common;C:\WINDOWS\system32;C:\WINDOWS;C:\WINDOWS\System32\Wbem;C:\WINDOWS\System32\WindowsPowerShell\v1.0\;C:\WINDOWS\System32\OpenSSH\;C:\ProgramData\chocolatey\bin;C:\Users\Dolly\AppData\Local\Packages\PythonSoftwareFoundation.Python.3.7_qbz5n2kfra8p0\LocalCache\local-packages\Python37\Scripts\;C:\Program Files (x86)\oh-my-posh\bin;C:\Program Files\dotnet\;C:\Program Files (x86)\GTK2-Runtime\bin;c:\Users\Dolly\AppData\Local\Programs\cursor\resources\app\bin;C:\Program Files\gs\gs10.01.2\bin;C:\Program Files (x86)\Heavyocity\Heavyocity Portal;C:\Program Files\Pandoc\;C:\Program Files\PowerShell\7\;C:\Program Files\gsudo\Current;C:\Program Files\nodejs\;C:\Program Files\Meld\;C:\Program Files\Git\cmd;C:\Users\Dolly\AppData\Local\Programs\Python\Python311\Scripts\;C:\Users\Dolly\AppData\Local\Programs\Python\Python311\;C:\Users\Dolly\AppData\Local\Programs\Python\Launcher\;C:\Ruby31-x64\bin;C:\Users\Dolly\scoop\shims;C:\Users\Dolly\AppData\Local\Microsoft\WindowsApps;C:\OSGeo4W\bin;C:\bin\osm2pgsql-bin;C:\bin\platform-tools;C:\Users\Dolly\AppData\Local\Programs\oh-my-posh\bin;C:\Users\Dolly\AppData\Local\Programs\Hyper\resources\bin;C:\Users\Dolly\AppData\Local\GitHubDesktop\bin;C:\Program Files\ImageMagick-7.1.1-Q16-HDRI;C:\Users\Dolly\AppData\Local\Microsoft\WinGet\Packages\jqlang.jq_Microsoft.Winget.Source_8wekyb3d8bbwe;C:\Program Files\snap\bin;C:\Users\Dolly\.dotnet\tools;C:\Program Files\Vim\vim90;C:\Users\Dolly\AppData\Roaming\npm;C:\Users\Dolly\AppData\Local\Programs\Microsoft VS Code Insiders\bin" "gcc -IC:/Ruby31-x64/include/ruby-3.1.0/x64-mingw-ucrt -IC:/Ruby31-x64/include/ruby-3.1.0/ruby/backward -IC:/Ruby31-x64/include/ruby-3.1.0 -I. -D__USE_MINGW_ANSI_STDIO=1 -DFD_SETSIZE=2048 -D_WIN32_WINNT=0x0600 -D__MINGW_USE_VC2005_COMPAT -D_FILE_OFFSET_BITS=64  -O3 -fno-fast-math -fstack-protector-strong -m64  -c conftest.c"
checked program was:
/* begin */
1: #include "ruby.h"
2: 
3: #include <winsock2.h>
4: #include <windows.h>
5: int foo;
6: int main() { __builtin_clz(0); return 0; }
/* end */

--------------------

have_builtin_func: checking for __builtin_clzl()... -------------------- yes

PATH=".;C:/Ruby31-x64/lib;C:\Ruby31-x64\bin;C:\Ruby31-x64\msys64\ucrt64\bin;C:\Ruby31-x64\msys64\usr\bin;C:\Program Files\PowerShell\7;C:\Program Files (x86)\Common Files\Oracle\Java\java8path;C:\Program Files (x86)\Common Files\Oracle\Java\javapath;C:\Program Files (x86)\VMware\VMware Player\bin\;C:\Program Files (x86)\NVIDIA Corporation\PhysX\Common;C:\WINDOWS\system32;C:\WINDOWS;C:\WINDOWS\System32\Wbem;C:\WINDOWS\System32\WindowsPowerShell\v1.0\;C:\WINDOWS\System32\OpenSSH\;C:\ProgramData\chocolatey\bin;C:\Users\Dolly\AppData\Local\Packages\PythonSoftwareFoundation.Python.3.7_qbz5n2kfra8p0\LocalCache\local-packages\Python37\Scripts\;C:\Program Files (x86)\oh-my-posh\bin;C:\Program Files\dotnet\;C:\Program Files (x86)\GTK2-Runtime\bin;c:\Users\Dolly\AppData\Local\Programs\cursor\resources\app\bin;C:\Program Files\gs\gs10.01.2\bin;C:\Program Files (x86)\Heavyocity\Heavyocity Portal;C:\Program Files\Pandoc\;C:\Program Files\PowerShell\7\;C:\Program Files\gsudo\Current;C:\Program Files\nodejs\;C:\Program Files\Meld\;C:\Program Files\Git\cmd;C:\Users\Dolly\AppData\Local\Programs\Python\Python311\Scripts\;C:\Users\Dolly\AppData\Local\Programs\Python\Python311\;C:\Users\Dolly\AppData\Local\Programs\Python\Launcher\;C:\Ruby31-x64\bin;C:\Users\Dolly\scoop\shims;C:\Users\Dolly\AppData\Local\Microsoft\WindowsApps;C:\OSGeo4W\bin;C:\bin\osm2pgsql-bin;C:\bin\platform-tools;C:\Users\Dolly\AppData\Local\Programs\oh-my-posh\bin;C:\Users\Dolly\AppData\Local\Programs\Hyper\resources\bin;C:\Users\Dolly\AppData\Local\GitHubDesktop\bin;C:\Program Files\ImageMagick-7.1.1-Q16-HDRI;C:\Users\Dolly\AppData\Local\Microsoft\WinGet\Packages\jqlang.jq_Microsoft.Winget.Source_8wekyb3d8bbwe;C:\Program Files\snap\bin;C:\Users\Dolly\.dotnet\tools;C:\Program Files\Vim\vim90;C:\Users\Dolly\AppData\Roaming\npm;C:\Users\Dolly\AppData\Local\Programs\Microsoft VS Code Insiders\bin" "gcc -IC:/Ruby31-x64/include/ruby-3.1.0/x64-mingw-ucrt -IC:/Ruby31-x64/include/ruby-3.1.0/ruby/backward -IC:/Ruby31-x64/include/ruby-3.1.0 -I. -D__USE_MINGW_ANSI_STDIO=1 -DFD_SETSIZE=2048 -D_WIN32_WINNT=0x0600 -D__MINGW_USE_VC2005_COMPAT -D_FILE_OFFSET_BITS=64  -O3 -fno-fast-math -fstack-protector-strong -m64  -c conftest.c"
checked program was:
/* begin */
1: #include "ruby.h"
2: 
3: #include <winsock2.h>
4: #include <windows.h>
5: int foo;
6: int main() { __builtin_clzl(0); return 0; }
/* end */

--------------------

have_builtin_func: checking for __builtin_clzll()... -------------------- yes

PATH=".;C:/Ruby31-x64/lib;C:\Ruby31-x64\bin;C:\Ruby31-x64\msys64\ucrt64\bin;C:\Ruby31-x64\msys64\usr\bin;C:\Program Files\PowerShell\7;C:\Program Files (x86)\Common Files\Oracle\Java\java8path;C:\Program Files (x86)\Common Files\Oracle\Java\javapath;C:\Program Files (x86)\VMware\VMware Player\bin\;C:\Program Files (x86)\NVIDIA Corporation\PhysX\Common;C:\WINDOWS\system32;C:\WINDOWS;C:\WINDOWS\System32\Wbem;C:\WINDOWS\System32\WindowsPowerShell\v1.0\;C:\WINDOWS\System32\OpenSSH\;C:\ProgramData\chocolatey\bin;C:\Users\Dolly\AppData\Local\Packages\PythonSoftwareFoundation.Python.3.7_qbz5n2kfra8p0\LocalCache\local-packages\Python37\Scripts\;C:\Program Files (x86)\oh-my-posh\bin;C:\Program Files\dotnet\;C:\Program Files (x86)\GTK2-Runtime\bin;c:\Users\Dolly\AppData\Local\Programs\cursor\resources\app\bin;C:\Program Files\gs\gs10.01.2\bin;C:\Program Files (x86)\Heavyocity\Heavyocity Portal;C:\Program Files\Pandoc\;C:\Program Files\PowerShell\7\;C:\Program Files\gsudo\Current;C:\Program Files\nodejs\;C:\Program Files\Meld\;C:\Program Files\Git\cmd;C:\Users\Dolly\AppData\Local\Programs\Python\Python311\Scripts\;C:\Users\Dolly\AppData\Local\Programs\Python\Python311\;C:\Users\Dolly\AppData\Local\Programs\Python\Launcher\;C:\Ruby31-x64\bin;C:\Users\Dolly\scoop\shims;C:\Users\Dolly\AppData\Local\Microsoft\WindowsApps;C:\OSGeo4W\bin;C:\bin\osm2pgsql-bin;C:\bin\platform-tools;C:\Users\Dolly\AppData\Local\Programs\oh-my-posh\bin;C:\Users\Dolly\AppData\Local\Programs\Hyper\resources\bin;C:\Users\Dolly\AppData\Local\GitHubDesktop\bin;C:\Program Files\ImageMagick-7.1.1-Q16-HDRI;C:\Users\Dolly\AppData\Local\Microsoft\WinGet\Packages\jqlang.jq_Microsoft.Winget.Source_8wekyb3d8bbwe;C:\Program Files\snap\bin;C:\Users\Dolly\.dotnet\tools;C:\Program Files\Vim\vim90;C:\Users\Dolly\AppData\Roaming\npm;C:\Users\Dolly\AppData\Local\Programs\Microsoft VS Code Insiders\bin" "gcc -IC:/Ruby31-x64/include/ruby-3.1.0/x64-mingw-ucrt -IC:/Ruby31-x64/include/ruby-3.1.0/ruby/backward -IC:/Ruby31-x64/include/ruby-3.1.0 -I. -D__USE_MINGW_ANSI_STDIO=1 -DFD_SETSIZE=2048 -D_WIN32_WINNT=0x0600 -D__MINGW_USE_VC2005_COMPAT -D_FILE_OFFSET_BITS=64  -O3 -fno-fast-math -fstack-protector-strong -m64  -c conftest.c"
checked program was:
/* begin */
1: #include "ruby.h"
2: 
3: #include <winsock2.h>
4: #include <windows.h>
5: int foo;
6: int main() { __builtin_clzll(0); return 0; }
/* end */

--------------------

have_header: checking for float.h... -------------------- yes

PATH=".;C:/Ruby31-x64/lib;C:\Ruby31-x64\bin;C:\Ruby31-x64\msys64\ucrt64\bin;C:\Ruby31-x64\msys64\usr\bin;C:\Program Files\PowerShell\7;C:\Program Files (x86)\Common Files\Oracle\Java\java8path;C:\Program Files (x86)\Common Files\Oracle\Java\javapath;C:\Program Files (x86)\VMware\VMware Player\bin\;C:\Program Files (x86)\NVIDIA Corporation\PhysX\Common;C:\WINDOWS\system32;C:\WINDOWS;C:\WINDOWS\System32\Wbem;C:\WINDOWS\System32\WindowsPowerShell\v1.0\;C:\WINDOWS\System32\OpenSSH\;C:\ProgramData\chocolatey\bin;C:\Users\Dolly\AppData\Local\Packages\PythonSoftwareFoundation.Python.3.7_qbz5n2kfra8p0\LocalCache\local-packages\Python37\Scripts\;C:\Program Files (x86)\oh-my-posh\bin;C:\Program Files\dotnet\;C:\Program Files (x86)\GTK2-Runtime\bin;c:\Users\Dolly\AppData\Local\Programs\cursor\resources\app\bin;C:\Program Files\gs\gs10.01.2\bin;C:\Program Files (x86)\Heavyocity\Heavyocity Portal;C:\Program Files\Pandoc\;C:\Program Files\PowerShell\7\;C:\Program Files\gsudo\Current;C:\Program Files\nodejs\;C:\Program Files\Meld\;C:\Program Files\Git\cmd;C:\Users\Dolly\AppData\Local\Programs\Python\Python311\Scripts\;C:\Users\Dolly\AppData\Local\Programs\Python\Python311\;C:\Users\Dolly\AppData\Local\Programs\Python\Launcher\;C:\Ruby31-x64\bin;C:\Users\Dolly\scoop\shims;C:\Users\Dolly\AppData\Local\Microsoft\WindowsApps;C:\OSGeo4W\bin;C:\bin\osm2pgsql-bin;C:\bin\platform-tools;C:\Users\Dolly\AppData\Local\Programs\oh-my-posh\bin;C:\Users\Dolly\AppData\Local\Programs\Hyper\resources\bin;C:\Users\Dolly\AppData\Local\GitHubDesktop\bin;C:\Program Files\ImageMagick-7.1.1-Q16-HDRI;C:\Users\Dolly\AppData\Local\Microsoft\WinGet\Packages\jqlang.jq_Microsoft.Winget.Source_8wekyb3d8bbwe;C:\Program Files\snap\bin;C:\Users\Dolly\.dotnet\tools;C:\Program Files\Vim\vim90;C:\Users\Dolly\AppData\Roaming\npm;C:\Users\Dolly\AppData\Local\Programs\Microsoft VS Code Insiders\bin" "gcc -IC:/Ruby31-x64/include/ruby-3.1.0/x64-mingw-ucrt -IC:/Ruby31-x64/include/ruby-3.1.0/ruby/backward -IC:/Ruby31-x64/include/ruby-3.1.0 -I. -D__USE_MINGW_ANSI_STDIO=1 -DFD_SETSIZE=2048 -D_WIN32_WINNT=0x0600 -D__MINGW_USE_VC2005_COMPAT -D_FILE_OFFSET_BITS=64  -O3 -fno-fast-math -fstack-protector-strong -m64  -c conftest.c"
checked program was:
/* begin */
1: #include "ruby.h"
2: 
3: #include <winsock2.h>
4: #include <windows.h>
5: #include <float.h>
/* end */

--------------------

have_header: checking for math.h... -------------------- yes

PATH=".;C:/Ruby31-x64/lib;C:\Ruby31-x64\bin;C:\Ruby31-x64\msys64\ucrt64\bin;C:\Ruby31-x64\msys64\usr\bin;C:\Program Files\PowerShell\7;C:\Program Files (x86)\Common Files\Oracle\Java\java8path;C:\Program Files (x86)\Common Files\Oracle\Java\javapath;C:\Program Files (x86)\VMware\VMware Player\bin\;C:\Program Files (x86)\NVIDIA Corporation\PhysX\Common;C:\WINDOWS\system32;C:\WINDOWS;C:\WINDOWS\System32\Wbem;C:\WINDOWS\System32\WindowsPowerShell\v1.0\;C:\WINDOWS\System32\OpenSSH\;C:\ProgramData\chocolatey\bin;C:\Users\Dolly\AppData\Local\Packages\PythonSoftwareFoundation.Python.3.7_qbz5n2kfra8p0\LocalCache\local-packages\Python37\Scripts\;C:\Program Files (x86)\oh-my-posh\bin;C:\Program Files\dotnet\;C:\Program Files (x86)\GTK2-Runtime\bin;c:\Users\Dolly\AppData\Local\Programs\cursor\resources\app\bin;C:\Program Files\gs\gs10.01.2\bin;C:\Program Files (x86)\Heavyocity\Heavyocity Portal;C:\Program Files\Pandoc\;C:\Program Files\PowerShell\7\;C:\Program Files\gsudo\Current;C:\Program Files\nodejs\;C:\Program Files\Meld\;C:\Program Files\Git\cmd;C:\Users\Dolly\AppData\Local\Programs\Python\Python311\Scripts\;C:\Users\Dolly\AppData\Local\Programs\Python\Python311\;C:\Users\Dolly\AppData\Local\Programs\Python\Launcher\;C:\Ruby31-x64\bin;C:\Users\Dolly\scoop\shims;C:\Users\Dolly\AppData\Local\Microsoft\WindowsApps;C:\OSGeo4W\bin;C:\bin\osm2pgsql-bin;C:\bin\platform-tools;C:\Users\Dolly\AppData\Local\Programs\oh-my-posh\bin;C:\Users\Dolly\AppData\Local\Programs\Hyper\resources\bin;C:\Users\Dolly\AppData\Local\GitHubDesktop\bin;C:\Program Files\ImageMagick-7.1.1-Q16-HDRI;C:\Users\Dolly\AppData\Local\Microsoft\WinGet\Packages\jqlang.jq_Microsoft.Winget.Source_8wekyb3d8bbwe;C:\Program Files\snap\bin;C:\Users\Dolly\.dotnet\tools;C:\Program Files\Vim\vim90;C:\Users\Dolly\AppData\Roaming\npm;C:\Users\Dolly\AppData\Local\Programs\Microsoft VS Code Insiders\bin" "gcc -IC:/Ruby31-x64/include/ruby-3.1.0/x64-mingw-ucrt -IC:/Ruby31-x64/include/ruby-3.1.0/ruby/backward -IC:/Ruby31-x64/include/ruby-3.1.0 -I. -D__USE_MINGW_ANSI_STDIO=1 -DFD_SETSIZE=2048 -D_WIN32_WINNT=0x0600 -D__MINGW_USE_VC2005_COMPAT -D_FILE_OFFSET_BITS=64  -O3 -fno-fast-math -fstack-protector-strong -m64  -c conftest.c"
checked program was:
/* begin */
1: #include "ruby.h"
2: 
3: #include <winsock2.h>
4: #include <windows.h>
5: #include <math.h>
/* end */

--------------------

have_header: checking for stdbool.h... -------------------- yes

PATH=".;C:/Ruby31-x64/lib;C:\Ruby31-x64\bin;C:\Ruby31-x64\msys64\ucrt64\bin;C:\Ruby31-x64\msys64\usr\bin;C:\Program Files\PowerShell\7;C:\Program Files (x86)\Common Files\Oracle\Java\java8path;C:\Program Files (x86)\Common Files\Oracle\Java\javapath;C:\Program Files (x86)\VMware\VMware Player\bin\;C:\Program Files (x86)\NVIDIA Corporation\PhysX\Common;C:\WINDOWS\system32;C:\WINDOWS;C:\WINDOWS\System32\Wbem;C:\WINDOWS\System32\WindowsPowerShell\v1.0\;C:\WINDOWS\System32\OpenSSH\;C:\ProgramData\chocolatey\bin;C:\Users\Dolly\AppData\Local\Packages\PythonSoftwareFoundation.Python.3.7_qbz5n2kfra8p0\LocalCache\local-packages\Python37\Scripts\;C:\Program Files (x86)\oh-my-posh\bin;C:\Program Files\dotnet\;C:\Program Files (x86)\GTK2-Runtime\bin;c:\Users\Dolly\AppData\Local\Programs\cursor\resources\app\bin;C:\Program Files\gs\gs10.01.2\bin;C:\Program Files (x86)\Heavyocity\Heavyocity Portal;C:\Program Files\Pandoc\;C:\Program Files\PowerShell\7\;C:\Program Files\gsudo\Current;C:\Program Files\nodejs\;C:\Program Files\Meld\;C:\Program Files\Git\cmd;C:\Users\Dolly\AppData\Local\Programs\Python\Python311\Scripts\;C:\Users\Dolly\AppData\Local\Programs\Python\Python311\;C:\Users\Dolly\AppData\Local\Programs\Python\Launcher\;C:\Ruby31-x64\bin;C:\Users\Dolly\scoop\shims;C:\Users\Dolly\AppData\Local\Microsoft\WindowsApps;C:\OSGeo4W\bin;C:\bin\osm2pgsql-bin;C:\bin\platform-tools;C:\Users\Dolly\AppData\Local\Programs\oh-my-posh\bin;C:\Users\Dolly\AppData\Local\Programs\Hyper\resources\bin;C:\Users\Dolly\AppData\Local\GitHubDesktop\bin;C:\Program Files\ImageMagick-7.1.1-Q16-HDRI;C:\Users\Dolly\AppData\Local\Microsoft\WinGet\Packages\jqlang.jq_Microsoft.Winget.Source_8wekyb3d8bbwe;C:\Program Files\snap\bin;C:\Users\Dolly\.dotnet\tools;C:\Program Files\Vim\vim90;C:\Users\Dolly\AppData\Roaming\npm;C:\Users\Dolly\AppData\Local\Programs\Microsoft VS Code Insiders\bin" "gcc -IC:/Ruby31-x64/include/ruby-3.1.0/x64-mingw-ucrt -IC:/Ruby31-x64/include/ruby-3.1.0/ruby/backward -IC:/Ruby31-x64/include/ruby-3.1.0 -I. -D__USE_MINGW_ANSI_STDIO=1 -DFD_SETSIZE=2048 -D_WIN32_WINNT=0x0600 -D__MINGW_USE_VC2005_COMPAT -D_FILE_OFFSET_BITS=64  -O3 -fno-fast-math -fstack-protector-strong -m64  -c conftest.c"
checked program was:
/* begin */
1: #include "ruby.h"
2: 
3: #include <winsock2.h>
4: #include <windows.h>
5: #include <stdbool.h>
/* end */

--------------------

have_header: checking for stdlib.h... -------------------- yes

PATH=".;C:/Ruby31-x64/lib;C:\Ruby31-x64\bin;C:\Ruby31-x64\msys64\ucrt64\bin;C:\Ruby31-x64\msys64\usr\bin;C:\Program Files\PowerShell\7;C:\Program Files (x86)\Common Files\Oracle\Java\java8path;C:\Program Files (x86)\Common Files\Oracle\Java\javapath;C:\Program Files (x86)\VMware\VMware Player\bin\;C:\Program Files (x86)\NVIDIA Corporation\PhysX\Common;C:\WINDOWS\system32;C:\WINDOWS;C:\WINDOWS\System32\Wbem;C:\WINDOWS\System32\WindowsPowerShell\v1.0\;C:\WINDOWS\System32\OpenSSH\;C:\ProgramData\chocolatey\bin;C:\Users\Dolly\AppData\Local\Packages\PythonSoftwareFoundation.Python.3.7_qbz5n2kfra8p0\LocalCache\local-packages\Python37\Scripts\;C:\Program Files (x86)\oh-my-posh\bin;C:\Program Files\dotnet\;C:\Program Files (x86)\GTK2-Runtime\bin;c:\Users\Dolly\AppData\Local\Programs\cursor\resources\app\bin;C:\Program Files\gs\gs10.01.2\bin;C:\Program Files (x86)\Heavyocity\Heavyocity Portal;C:\Program Files\Pandoc\;C:\Program Files\PowerShell\7\;C:\Program Files\gsudo\Current;C:\Program Files\nodejs\;C:\Program Files\Meld\;C:\Program Files\Git\cmd;C:\Users\Dolly\AppData\Local\Programs\Python\Python311\Scripts\;C:\Users\Dolly\AppData\Local\Programs\Python\Python311\;C:\Users\Dolly\AppData\Local\Programs\Python\Launcher\;C:\Ruby31-x64\bin;C:\Users\Dolly\scoop\shims;C:\Users\Dolly\AppData\Local\Microsoft\WindowsApps;C:\OSGeo4W\bin;C:\bin\osm2pgsql-bin;C:\bin\platform-tools;C:\Users\Dolly\AppData\Local\Programs\oh-my-posh\bin;C:\Users\Dolly\AppData\Local\Programs\Hyper\resources\bin;C:\Users\Dolly\AppData\Local\GitHubDesktop\bin;C:\Program Files\ImageMagick-7.1.1-Q16-HDRI;C:\Users\Dolly\AppData\Local\Microsoft\WinGet\Packages\jqlang.jq_Microsoft.Winget.Source_8wekyb3d8bbwe;C:\Program Files\snap\bin;C:\Users\Dolly\.dotnet\tools;C:\Program Files\Vim\vim90;C:\Users\Dolly\AppData\Roaming\npm;C:\Users\Dolly\AppData\Local\Programs\Microsoft VS Code Insiders\bin" "gcc -IC:/Ruby31-x64/include/ruby-3.1.0/x64-mingw-ucrt -IC:/Ruby31-x64/include/ruby-3.1.0/ruby/backward -IC:/Ruby31-x64/include/ruby-3.1.0 -I. -D__USE_MINGW_ANSI_STDIO=1 -DFD_SETSIZE=2048 -D_WIN32_WINNT=0x0600 -D__MINGW_USE_VC2005_COMPAT -D_FILE_OFFSET_BITS=64  -O3 -fno-fast-math -fstack-protector-strong -m64  -c conftest.c"
checked program was:
/* begin */
1: #include "ruby.h"
2: 
3: #include <winsock2.h>
4: #include <windows.h>
5: #include <stdlib.h>
/* end */

--------------------

have_header: checking for x86intrin.h... -------------------- yes

PATH=".;C:/Ruby31-x64/lib;C:\Ruby31-x64\bin;C:\Ruby31-x64\msys64\ucrt64\bin;C:\Ruby31-x64\msys64\usr\bin;C:\Program Files\PowerShell\7;C:\Program Files (x86)\Common Files\Oracle\Java\java8path;C:\Program Files (x86)\Common Files\Oracle\Java\javapath;C:\Program Files (x86)\VMware\VMware Player\bin\;C:\Program Files (x86)\NVIDIA Corporation\PhysX\Common;C:\WINDOWS\system32;C:\WINDOWS;C:\WINDOWS\System32\Wbem;C:\WINDOWS\System32\WindowsPowerShell\v1.0\;C:\WINDOWS\System32\OpenSSH\;C:\ProgramData\chocolatey\bin;C:\Users\Dolly\AppData\Local\Packages\PythonSoftwareFoundation.Python.3.7_qbz5n2kfra8p0\LocalCache\local-packages\Python37\Scripts\;C:\Program Files (x86)\oh-my-posh\bin;C:\Program Files\dotnet\;C:\Program Files (x86)\GTK2-Runtime\bin;c:\Users\Dolly\AppData\Local\Programs\cursor\resources\app\bin;C:\Program Files\gs\gs10.01.2\bin;C:\Program Files (x86)\Heavyocity\Heavyocity Portal;C:\Program Files\Pandoc\;C:\Program Files\PowerShell\7\;C:\Program Files\gsudo\Current;C:\Program Files\nodejs\;C:\Program Files\Meld\;C:\Program Files\Git\cmd;C:\Users\Dolly\AppData\Local\Programs\Python\Python311\Scripts\;C:\Users\Dolly\AppData\Local\Programs\Python\Python311\;C:\Users\Dolly\AppData\Local\Programs\Python\Launcher\;C:\Ruby31-x64\bin;C:\Users\Dolly\scoop\shims;C:\Users\Dolly\AppData\Local\Microsoft\WindowsApps;C:\OSGeo4W\bin;C:\bin\osm2pgsql-bin;C:\bin\platform-tools;C:\Users\Dolly\AppData\Local\Programs\oh-my-posh\bin;C:\Users\Dolly\AppData\Local\Programs\Hyper\resources\bin;C:\Users\Dolly\AppData\Local\GitHubDesktop\bin;C:\Program Files\ImageMagick-7.1.1-Q16-HDRI;C:\Users\Dolly\AppData\Local\Microsoft\WinGet\Packages\jqlang.jq_Microsoft.Winget.Source_8wekyb3d8bbwe;C:\Program Files\snap\bin;C:\Users\Dolly\.dotnet\tools;C:\Program Files\Vim\vim90;C:\Users\Dolly\AppData\Roaming\npm;C:\Users\Dolly\AppData\Local\Programs\Microsoft VS Code Insiders\bin" "gcc -IC:/Ruby31-x64/include/ruby-3.1.0/x64-mingw-ucrt -IC:/Ruby31-x64/include/ruby-3.1.0/ruby/backward -IC:/Ruby31-x64/include/ruby-3.1.0 -I. -D__USE_MINGW_ANSI_STDIO=1 -DFD_SETSIZE=2048 -D_WIN32_WINNT=0x0600 -D__MINGW_USE_VC2005_COMPAT -D_FILE_OFFSET_BITS=64  -O3 -fno-fast-math -fstack-protector-strong -m64  -c conftest.c"
checked program was:
/* begin */
1: #include "ruby.h"
2: 
3: #include <winsock2.h>
4: #include <windows.h>
5: #include <x86intrin.h>
/* end */

--------------------

have_func: checking for _lzcnt_u32() in x86intrin.h... -------------------- no

PATH=".;C:/Ruby31-x64/lib;C:\Ruby31-x64\bin;C:\Ruby31-x64\msys64\ucrt64\bin;C:\Ruby31-x64\msys64\usr\bin;C:\Program Files\PowerShell\7;C:\Program Files (x86)\Common Files\Oracle\Java\java8path;C:\Program Files (x86)\Common Files\Oracle\Java\javapath;C:\Program Files (x86)\VMware\VMware Player\bin\;C:\Program Files (x86)\NVIDIA Corporation\PhysX\Common;C:\WINDOWS\system32;C:\WINDOWS;C:\WINDOWS\System32\Wbem;C:\WINDOWS\System32\WindowsPowerShell\v1.0\;C:\WINDOWS\System32\OpenSSH\;C:\ProgramData\chocolatey\bin;C:\Users\Dolly\AppData\Local\Packages\PythonSoftwareFoundation.Python.3.7_qbz5n2kfra8p0\LocalCache\local-packages\Python37\Scripts\;C:\Program Files (x86)\oh-my-posh\bin;C:\Program Files\dotnet\;C:\Program Files (x86)\GTK2-Runtime\bin;c:\Users\Dolly\AppData\Local\Programs\cursor\resources\app\bin;C:\Program Files\gs\gs10.01.2\bin;C:\Program Files (x86)\Heavyocity\Heavyocity Portal;C:\Program Files\Pandoc\;C:\Program Files\PowerShell\7\;C:\Program Files\gsudo\Current;C:\Program Files\nodejs\;C:\Program Files\Meld\;C:\Program Files\Git\cmd;C:\Users\Dolly\AppData\Local\Programs\Python\Python311\Scripts\;C:\Users\Dolly\AppData\Local\Programs\Python\Python311\;C:\Users\Dolly\AppData\Local\Programs\Python\Launcher\;C:\Ruby31-x64\bin;C:\Users\Dolly\scoop\shims;C:\Users\Dolly\AppData\Local\Microsoft\WindowsApps;C:\OSGeo4W\bin;C:\bin\osm2pgsql-bin;C:\bin\platform-tools;C:\Users\Dolly\AppData\Local\Programs\oh-my-posh\bin;C:\Users\Dolly\AppData\Local\Programs\Hyper\resources\bin;C:\Users\Dolly\AppData\Local\GitHubDesktop\bin;C:\Program Files\ImageMagick-7.1.1-Q16-HDRI;C:\Users\Dolly\AppData\Local\Microsoft\WinGet\Packages\jqlang.jq_Microsoft.Winget.Source_8wekyb3d8bbwe;C:\Program Files\snap\bin;C:\Users\Dolly\.dotnet\tools;C:\Program Files\Vim\vim90;C:\Users\Dolly\AppData\Roaming\npm;C:\Users\Dolly\AppData\Local\Programs\Microsoft VS Code Insiders\bin" "gcc -o conftest.exe -IC:/Ruby31-x64/include/ruby-3.1.0/x64-mingw-ucrt -IC:/Ruby31-x64/include/ruby-3.1.0/ruby/backward -IC:/Ruby31-x64/include/ruby-3.1.0 -I. -D__USE_MINGW_ANSI_STDIO=1 -DFD_SETSIZE=2048 -D_WIN32_WINNT=0x0600 -D__MINGW_USE_VC2005_COMPAT -D_FILE_OFFSET_BITS=64  -O3 -fno-fast-math -fstack-protector-strong conftest.c  -L. -LC:/Ruby31-x64/lib -L. -pipe -s -fstack-protector-strong -Wl,--no-as-needed  -m64   -lx64-ucrt-ruby310  -lshell32 -lws2_32 -liphlpapi -limagehlp -lshlwapi -lbcrypt  "
C:/Ruby31-x64/msys64/ucrt64/bin/../lib/gcc/x86_64-w64-mingw32/11.2.0/../../../../x86_64-w64-mingw32/bin/ld.exe: C:\Users\Dolly\AppData\Local\Temp\ccVSergb.o:conftest.c:(.rdata$.refptr._lzcnt_u32[.refptr._lzcnt_u32]+0x0): undefined reference to `_lzcnt_u32'
collect2.exe: error: ld returned 1 exit status
checked program was:
/* begin */
 1: #include "ruby.h"
 2: 
 3: #include <winsock2.h>
 4: #include <windows.h>
 5: #include <x86intrin.h>
 6: 
 7: /*top*/
 8: extern int t(void);
 9: int main(int argc, char **argv)
10: {
11:   if (argc > 1000000) {
12:     int (* volatile tp)(void)=(int (*)(void))&t;
13:     printf("%d", (*tp)());
14:   }
15: 
16:   return !!argv[argc];
17: }
18: int t(void) { void ((*volatile p)()); p = (void ((*)()))_lzcnt_u32; return !p; }
/* end */

PATH=".;C:/Ruby31-x64/lib;C:\Ruby31-x64\bin;C:\Ruby31-x64\msys64\ucrt64\bin;C:\Ruby31-x64\msys64\usr\bin;C:\Program Files\PowerShell\7;C:\Program Files (x86)\Common Files\Oracle\Java\java8path;C:\Program Files (x86)\Common Files\Oracle\Java\javapath;C:\Program Files (x86)\VMware\VMware Player\bin\;C:\Program Files (x86)\NVIDIA Corporation\PhysX\Common;C:\WINDOWS\system32;C:\WINDOWS;C:\WINDOWS\System32\Wbem;C:\WINDOWS\System32\WindowsPowerShell\v1.0\;C:\WINDOWS\System32\OpenSSH\;C:\ProgramData\chocolatey\bin;C:\Users\Dolly\AppData\Local\Packages\PythonSoftwareFoundation.Python.3.7_qbz5n2kfra8p0\LocalCache\local-packages\Python37\Scripts\;C:\Program Files (x86)\oh-my-posh\bin;C:\Program Files\dotnet\;C:\Program Files (x86)\GTK2-Runtime\bin;c:\Users\Dolly\AppData\Local\Programs\cursor\resources\app\bin;C:\Program Files\gs\gs10.01.2\bin;C:\Program Files (x86)\Heavyocity\Heavyocity Portal;C:\Program Files\Pandoc\;C:\Program Files\PowerShell\7\;C:\Program Files\gsudo\Current;C:\Program Files\nodejs\;C:\Program Files\Meld\;C:\Program Files\Git\cmd;C:\Users\Dolly\AppData\Local\Programs\Python\Python311\Scripts\;C:\Users\Dolly\AppData\Local\Programs\Python\Python311\;C:\Users\Dolly\AppData\Local\Programs\Python\Launcher\;C:\Ruby31-x64\bin;C:\Users\Dolly\scoop\shims;C:\Users\Dolly\AppData\Local\Microsoft\WindowsApps;C:\OSGeo4W\bin;C:\bin\osm2pgsql-bin;C:\bin\platform-tools;C:\Users\Dolly\AppData\Local\Programs\oh-my-posh\bin;C:\Users\Dolly\AppData\Local\Programs\Hyper\resources\bin;C:\Users\Dolly\AppData\Local\GitHubDesktop\bin;C:\Program Files\ImageMagick-7.1.1-Q16-HDRI;C:\Users\Dolly\AppData\Local\Microsoft\WinGet\Packages\jqlang.jq_Microsoft.Winget.Source_8wekyb3d8bbwe;C:\Program Files\snap\bin;C:\Users\Dolly\.dotnet\tools;C:\Program Files\Vim\vim90;C:\Users\Dolly\AppData\Roaming\npm;C:\Users\Dolly\AppData\Local\Programs\Microsoft VS Code Insiders\bin" "gcc -o conftest.exe -IC:/Ruby31-x64/include/ruby-3.1.0/x64-mingw-ucrt -IC:/Ruby31-x64/include/ruby-3.1.0/ruby/backward -IC:/Ruby31-x64/include/ruby-3.1.0 -I. -D__USE_MINGW_ANSI_STDIO=1 -DFD_SETSIZE=2048 -D_WIN32_WINNT=0x0600 -D__MINGW_USE_VC2005_COMPAT -D_FILE_OFFSET_BITS=64  -O3 -fno-fast-math -fstack-protector-strong conftest.c  -L. -LC:/Ruby31-x64/lib -L. -pipe -s -fstack-protector-strong -Wl,--no-as-needed  -m64   -lx64-ucrt-ruby310  -lshell32 -lws2_32 -liphlpapi -limagehlp -lshlwapi -lbcrypt  "
conftest.c:18:13: error: conflicting types for '_lzcnt_u32'; have 'void()'
   18 | extern void _lzcnt_u32();
      |             ^~~~~~~~~~
In file included from C:/Ruby31-x64/msys64/ucrt64/lib/gcc/x86_64-w64-mingw32/11.2.0/include/x86gprintrin.h:53,
                 from C:/Ruby31-x64/msys64/ucrt64/lib/gcc/x86_64-w64-mingw32/11.2.0/include/x86intrin.h:27,
                 from C:/Ruby31-x64/msys64/ucrt64/include/winnt.h:1555,
                 from C:/Ruby31-x64/msys64/ucrt64/include/minwindef.h:163,
                 from C:/Ruby31-x64/msys64/ucrt64/include/windef.h:9,
                 from C:/Ruby31-x64/msys64/ucrt64/include/windows.h:69,
                 from C:/Ruby31-x64/msys64/ucrt64/include/winsock2.h:23,
                 from C:/Ruby31-x64/include/ruby-3.1.0/ruby/win32.h:41,
                 from C:/Ruby31-x64/include/ruby-3.1.0/ruby/internal/dosish.h:38,
                 from C:/Ruby31-x64/include/ruby-3.1.0/ruby/defines.h:78,
                 from C:/Ruby31-x64/include/ruby-3.1.0/ruby/ruby.h:25,
                 from C:/Ruby31-x64/include/ruby-3.1.0/ruby.h:38,
                 from conftest.c:1:
C:/Ruby31-x64/msys64/ucrt64/lib/gcc/x86_64-w64-mingw32/11.2.0/include/lzcntintrin.h:51:1: note: previous definition of '_lzcnt_u32' with type 'unsigned int(unsigned int)'
   51 | _lzcnt_u32 (unsigned int __X)
      | ^~~~~~~~~~
checked program was:
/* begin */
 1: #include "ruby.h"
 2: 
 3: #include <winsock2.h>
 4: #include <windows.h>
 5: #include <x86intrin.h>
 6: 
 7: /*top*/
 8: extern int t(void);
 9: int main(int argc, char **argv)
10: {
11:   if (argc > 1000000) {
12:     int (* volatile tp)(void)=(int (*)(void))&t;
13:     printf("%d", (*tp)());
14:   }
15: 
16:   return !!argv[argc];
17: }
18: extern void _lzcnt_u32();
19: int t(void) { _lzcnt_u32(); return 0; }
/* end */

--------------------

have_func: checking for _lzcnt_u64() in x86intrin.h... -------------------- no

PATH=".;C:/Ruby31-x64/lib;C:\Ruby31-x64\bin;C:\Ruby31-x64\msys64\ucrt64\bin;C:\Ruby31-x64\msys64\usr\bin;C:\Program Files\PowerShell\7;C:\Program Files (x86)\Common Files\Oracle\Java\java8path;C:\Program Files (x86)\Common Files\Oracle\Java\javapath;C:\Program Files (x86)\VMware\VMware Player\bin\;C:\Program Files (x86)\NVIDIA Corporation\PhysX\Common;C:\WINDOWS\system32;C:\WINDOWS;C:\WINDOWS\System32\Wbem;C:\WINDOWS\System32\WindowsPowerShell\v1.0\;C:\WINDOWS\System32\OpenSSH\;C:\ProgramData\chocolatey\bin;C:\Users\Dolly\AppData\Local\Packages\PythonSoftwareFoundation.Python.3.7_qbz5n2kfra8p0\LocalCache\local-packages\Python37\Scripts\;C:\Program Files (x86)\oh-my-posh\bin;C:\Program Files\dotnet\;C:\Program Files (x86)\GTK2-Runtime\bin;c:\Users\Dolly\AppData\Local\Programs\cursor\resources\app\bin;C:\Program Files\gs\gs10.01.2\bin;C:\Program Files (x86)\Heavyocity\Heavyocity Portal;C:\Program Files\Pandoc\;C:\Program Files\PowerShell\7\;C:\Program Files\gsudo\Current;C:\Program Files\nodejs\;C:\Program Files\Meld\;C:\Program Files\Git\cmd;C:\Users\Dolly\AppData\Local\Programs\Python\Python311\Scripts\;C:\Users\Dolly\AppData\Local\Programs\Python\Python311\;C:\Users\Dolly\AppData\Local\Programs\Python\Launcher\;C:\Ruby31-x64\bin;C:\Users\Dolly\scoop\shims;C:\Users\Dolly\AppData\Local\Microsoft\WindowsApps;C:\OSGeo4W\bin;C:\bin\osm2pgsql-bin;C:\bin\platform-tools;C:\Users\Dolly\AppData\Local\Programs\oh-my-posh\bin;C:\Users\Dolly\AppData\Local\Programs\Hyper\resources\bin;C:\Users\Dolly\AppData\Local\GitHubDesktop\bin;C:\Program Files\ImageMagick-7.1.1-Q16-HDRI;C:\Users\Dolly\AppData\Local\Microsoft\WinGet\Packages\jqlang.jq_Microsoft.Winget.Source_8wekyb3d8bbwe;C:\Program Files\snap\bin;C:\Users\Dolly\.dotnet\tools;C:\Program Files\Vim\vim90;C:\Users\Dolly\AppData\Roaming\npm;C:\Users\Dolly\AppData\Local\Programs\Microsoft VS Code Insiders\bin" "gcc -o conftest.exe -IC:/Ruby31-x64/include/ruby-3.1.0/x64-mingw-ucrt -IC:/Ruby31-x64/include/ruby-3.1.0/ruby/backward -IC:/Ruby31-x64/include/ruby-3.1.0 -I. -D__USE_MINGW_ANSI_STDIO=1 -DFD_SETSIZE=2048 -D_WIN32_WINNT=0x0600 -D__MINGW_USE_VC2005_COMPAT -D_FILE_OFFSET_BITS=64  -O3 -fno-fast-math -fstack-protector-strong conftest.c  -L. -LC:/Ruby31-x64/lib -L. -pipe -s -fstack-protector-strong -Wl,--no-as-needed  -m64   -lx64-ucrt-ruby310  -lshell32 -lws2_32 -liphlpapi -limagehlp -lshlwapi -lbcrypt  "
C:/Ruby31-x64/msys64/ucrt64/bin/../lib/gcc/x86_64-w64-mingw32/11.2.0/../../../../x86_64-w64-mingw32/bin/ld.exe: C:\Users\Dolly\AppData\Local\Temp\cc7blS60.o:conftest.c:(.rdata$.refptr._lzcnt_u64[.refptr._lzcnt_u64]+0x0): undefined reference to `_lzcnt_u64'
collect2.exe: error: ld returned 1 exit status
checked program was:
/* begin */
 1: #include "ruby.h"
 2: 
 3: #include <winsock2.h>
 4: #include <windows.h>
 5: #include <x86intrin.h>
 6: 
 7: /*top*/
 8: extern int t(void);
 9: int main(int argc, char **argv)
10: {
11:   if (argc > 1000000) {
12:     int (* volatile tp)(void)=(int (*)(void))&t;
13:     printf("%d", (*tp)());
14:   }
15: 
16:   return !!argv[argc];
17: }
18: int t(void) { void ((*volatile p)()); p = (void ((*)()))_lzcnt_u64; return !p; }
/* end */

PATH=".;C:/Ruby31-x64/lib;C:\Ruby31-x64\bin;C:\Ruby31-x64\msys64\ucrt64\bin;C:\Ruby31-x64\msys64\usr\bin;C:\Program Files\PowerShell\7;C:\Program Files (x86)\Common Files\Oracle\Java\java8path;C:\Program Files (x86)\Common Files\Oracle\Java\javapath;C:\Program Files (x86)\VMware\VMware Player\bin\;C:\Program Files (x86)\NVIDIA Corporation\PhysX\Common;C:\WINDOWS\system32;C:\WINDOWS;C:\WINDOWS\System32\Wbem;C:\WINDOWS\System32\WindowsPowerShell\v1.0\;C:\WINDOWS\System32\OpenSSH\;C:\ProgramData\chocolatey\bin;C:\Users\Dolly\AppData\Local\Packages\PythonSoftwareFoundation.Python.3.7_qbz5n2kfra8p0\LocalCache\local-packages\Python37\Scripts\;C:\Program Files (x86)\oh-my-posh\bin;C:\Program Files\dotnet\;C:\Program Files (x86)\GTK2-Runtime\bin;c:\Users\Dolly\AppData\Local\Programs\cursor\resources\app\bin;C:\Program Files\gs\gs10.01.2\bin;C:\Program Files (x86)\Heavyocity\Heavyocity Portal;C:\Program Files\Pandoc\;C:\Program Files\PowerShell\7\;C:\Program Files\gsudo\Current;C:\Program Files\nodejs\;C:\Program Files\Meld\;C:\Program Files\Git\cmd;C:\Users\Dolly\AppData\Local\Programs\Python\Python311\Scripts\;C:\Users\Dolly\AppData\Local\Programs\Python\Python311\;C:\Users\Dolly\AppData\Local\Programs\Python\Launcher\;C:\Ruby31-x64\bin;C:\Users\Dolly\scoop\shims;C:\Users\Dolly\AppData\Local\Microsoft\WindowsApps;C:\OSGeo4W\bin;C:\bin\osm2pgsql-bin;C:\bin\platform-tools;C:\Users\Dolly\AppData\Local\Programs\oh-my-posh\bin;C:\Users\Dolly\AppData\Local\Programs\Hyper\resources\bin;C:\Users\Dolly\AppData\Local\GitHubDesktop\bin;C:\Program Files\ImageMagick-7.1.1-Q16-HDRI;C:\Users\Dolly\AppData\Local\Microsoft\WinGet\Packages\jqlang.jq_Microsoft.Winget.Source_8wekyb3d8bbwe;C:\Program Files\snap\bin;C:\Users\Dolly\.dotnet\tools;C:\Program Files\Vim\vim90;C:\Users\Dolly\AppData\Roaming\npm;C:\Users\Dolly\AppData\Local\Programs\Microsoft VS Code Insiders\bin" "gcc -o conftest.exe -IC:/Ruby31-x64/include/ruby-3.1.0/x64-mingw-ucrt -IC:/Ruby31-x64/include/ruby-3.1.0/ruby/backward -IC:/Ruby31-x64/include/ruby-3.1.0 -I. -D__USE_MINGW_ANSI_STDIO=1 -DFD_SETSIZE=2048 -D_WIN32_WINNT=0x0600 -D__MINGW_USE_VC2005_COMPAT -D_FILE_OFFSET_BITS=64  -O3 -fno-fast-math -fstack-protector-strong conftest.c  -L. -LC:/Ruby31-x64/lib -L. -pipe -s -fstack-protector-strong -Wl,--no-as-needed  -m64   -lx64-ucrt-ruby310  -lshell32 -lws2_32 -liphlpapi -limagehlp -lshlwapi -lbcrypt  "
conftest.c:18:13: error: conflicting types for '_lzcnt_u64'; have 'void()'
   18 | extern void _lzcnt_u64();
      |             ^~~~~~~~~~
In file included from C:/Ruby31-x64/msys64/ucrt64/lib/gcc/x86_64-w64-mingw32/11.2.0/include/x86gprintrin.h:53,
                 from C:/Ruby31-x64/msys64/ucrt64/lib/gcc/x86_64-w64-mingw32/11.2.0/include/x86intrin.h:27,
                 from C:/Ruby31-x64/msys64/ucrt64/include/winnt.h:1555,
                 from C:/Ruby31-x64/msys64/ucrt64/include/minwindef.h:163,
                 from C:/Ruby31-x64/msys64/ucrt64/include/windef.h:9,
                 from C:/Ruby31-x64/msys64/ucrt64/include/windows.h:69,
                 from C:/Ruby31-x64/msys64/ucrt64/include/winsock2.h:23,
                 from C:/Ruby31-x64/include/ruby-3.1.0/ruby/win32.h:41,
                 from C:/Ruby31-x64/include/ruby-3.1.0/ruby/internal/dosish.h:38,
                 from C:/Ruby31-x64/include/ruby-3.1.0/ruby/defines.h:78,
                 from C:/Ruby31-x64/include/ruby-3.1.0/ruby/ruby.h:25,
                 from C:/Ruby31-x64/include/ruby-3.1.0/ruby.h:38,
                 from conftest.c:1:
C:/Ruby31-x64/msys64/ucrt64/lib/gcc/x86_64-w64-mingw32/11.2.0/include/lzcntintrin.h:64:1: note: previous definition of '_lzcnt_u64' with type 'long long unsigned int(long long unsigned int)'
   64 | _lzcnt_u64 (unsigned long long __X)
      | ^~~~~~~~~~
checked program was:
/* begin */
 1: #include "ruby.h"
 2: 
 3: #include <winsock2.h>
 4: #include <windows.h>
 5: #include <x86intrin.h>
 6: 
 7: /*top*/
 8: extern int t(void);
 9: int main(int argc, char **argv)
10: {
11:   if (argc > 1000000) {
12:     int (* volatile tp)(void)=(int (*)(void))&t;
13:     printf("%d", (*tp)());
14:   }
15: 
16:   return !!argv[argc];
17: }
18: extern void _lzcnt_u64();
19: int t(void) { _lzcnt_u64(); return 0; }
/* end */

--------------------

have_header: checking for intrin.h... -------------------- yes

PATH=".;C:/Ruby31-x64/lib;C:\Ruby31-x64\bin;C:\Ruby31-x64\msys64\ucrt64\bin;C:\Ruby31-x64\msys64\usr\bin;C:\Program Files\PowerShell\7;C:\Program Files (x86)\Common Files\Oracle\Java\java8path;C:\Program Files (x86)\Common Files\Oracle\Java\javapath;C:\Program Files (x86)\VMware\VMware Player\bin\;C:\Program Files (x86)\NVIDIA Corporation\PhysX\Common;C:\WINDOWS\system32;C:\WINDOWS;C:\WINDOWS\System32\Wbem;C:\WINDOWS\System32\WindowsPowerShell\v1.0\;C:\WINDOWS\System32\OpenSSH\;C:\ProgramData\chocolatey\bin;C:\Users\Dolly\AppData\Local\Packages\PythonSoftwareFoundation.Python.3.7_qbz5n2kfra8p0\LocalCache\local-packages\Python37\Scripts\;C:\Program Files (x86)\oh-my-posh\bin;C:\Program Files\dotnet\;C:\Program Files (x86)\GTK2-Runtime\bin;c:\Users\Dolly\AppData\Local\Programs\cursor\resources\app\bin;C:\Program Files\gs\gs10.01.2\bin;C:\Program Files (x86)\Heavyocity\Heavyocity Portal;C:\Program Files\Pandoc\;C:\Program Files\PowerShell\7\;C:\Program Files\gsudo\Current;C:\Program Files\nodejs\;C:\Program Files\Meld\;C:\Program Files\Git\cmd;C:\Users\Dolly\AppData\Local\Programs\Python\Python311\Scripts\;C:\Users\Dolly\AppData\Local\Programs\Python\Python311\;C:\Users\Dolly\AppData\Local\Programs\Python\Launcher\;C:\Ruby31-x64\bin;C:\Users\Dolly\scoop\shims;C:\Users\Dolly\AppData\Local\Microsoft\WindowsApps;C:\OSGeo4W\bin;C:\bin\osm2pgsql-bin;C:\bin\platform-tools;C:\Users\Dolly\AppData\Local\Programs\oh-my-posh\bin;C:\Users\Dolly\AppData\Local\Programs\Hyper\resources\bin;C:\Users\Dolly\AppData\Local\GitHubDesktop\bin;C:\Program Files\ImageMagick-7.1.1-Q16-HDRI;C:\Users\Dolly\AppData\Local\Microsoft\WinGet\Packages\jqlang.jq_Microsoft.Winget.Source_8wekyb3d8bbwe;C:\Program Files\snap\bin;C:\Users\Dolly\.dotnet\tools;C:\Program Files\Vim\vim90;C:\Users\Dolly\AppData\Roaming\npm;C:\Users\Dolly\AppData\Local\Programs\Microsoft VS Code Insiders\bin" "gcc -IC:/Ruby31-x64/include/ruby-3.1.0/x64-mingw-ucrt -IC:/Ruby31-x64/include/ruby-3.1.0/ruby/backward -IC:/Ruby31-x64/include/ruby-3.1.0 -I. -D__USE_MINGW_ANSI_STDIO=1 -DFD_SETSIZE=2048 -D_WIN32_WINNT=0x0600 -D__MINGW_USE_VC2005_COMPAT -D_FILE_OFFSET_BITS=64  -O3 -fno-fast-math -fstack-protector-strong -m64  -c conftest.c"
checked program was:
/* begin */
1: #include "ruby.h"
2: 
3: #include <winsock2.h>
4: #include <windows.h>
5: #include <intrin.h>
/* end */

--------------------

have_func: checking for __lzcnt() in intrin.h... -------------------- no

PATH=".;C:/Ruby31-x64/lib;C:\Ruby31-x64\bin;C:\Ruby31-x64\msys64\ucrt64\bin;C:\Ruby31-x64\msys64\usr\bin;C:\Program Files\PowerShell\7;C:\Program Files (x86)\Common Files\Oracle\Java\java8path;C:\Program Files (x86)\Common Files\Oracle\Java\javapath;C:\Program Files (x86)\VMware\VMware Player\bin\;C:\Program Files (x86)\NVIDIA Corporation\PhysX\Common;C:\WINDOWS\system32;C:\WINDOWS;C:\WINDOWS\System32\Wbem;C:\WINDOWS\System32\WindowsPowerShell\v1.0\;C:\WINDOWS\System32\OpenSSH\;C:\ProgramData\chocolatey\bin;C:\Users\Dolly\AppData\Local\Packages\PythonSoftwareFoundation.Python.3.7_qbz5n2kfra8p0\LocalCache\local-packages\Python37\Scripts\;C:\Program Files (x86)\oh-my-posh\bin;C:\Program Files\dotnet\;C:\Program Files (x86)\GTK2-Runtime\bin;c:\Users\Dolly\AppData\Local\Programs\cursor\resources\app\bin;C:\Program Files\gs\gs10.01.2\bin;C:\Program Files (x86)\Heavyocity\Heavyocity Portal;C:\Program Files\Pandoc\;C:\Program Files\PowerShell\7\;C:\Program Files\gsudo\Current;C:\Program Files\nodejs\;C:\Program Files\Meld\;C:\Program Files\Git\cmd;C:\Users\Dolly\AppData\Local\Programs\Python\Python311\Scripts\;C:\Users\Dolly\AppData\Local\Programs\Python\Python311\;C:\Users\Dolly\AppData\Local\Programs\Python\Launcher\;C:\Ruby31-x64\bin;C:\Users\Dolly\scoop\shims;C:\Users\Dolly\AppData\Local\Microsoft\WindowsApps;C:\OSGeo4W\bin;C:\bin\osm2pgsql-bin;C:\bin\platform-tools;C:\Users\Dolly\AppData\Local\Programs\oh-my-posh\bin;C:\Users\Dolly\AppData\Local\Programs\Hyper\resources\bin;C:\Users\Dolly\AppData\Local\GitHubDesktop\bin;C:\Program Files\ImageMagick-7.1.1-Q16-HDRI;C:\Users\Dolly\AppData\Local\Microsoft\WinGet\Packages\jqlang.jq_Microsoft.Winget.Source_8wekyb3d8bbwe;C:\Program Files\snap\bin;C:\Users\Dolly\.dotnet\tools;C:\Program Files\Vim\vim90;C:\Users\Dolly\AppData\Roaming\npm;C:\Users\Dolly\AppData\Local\Programs\Microsoft VS Code Insiders\bin" "gcc -o conftest.exe -IC:/Ruby31-x64/include/ruby-3.1.0/x64-mingw-ucrt -IC:/Ruby31-x64/include/ruby-3.1.0/ruby/backward -IC:/Ruby31-x64/include/ruby-3.1.0 -I. -D__USE_MINGW_ANSI_STDIO=1 -DFD_SETSIZE=2048 -D_WIN32_WINNT=0x0600 -D__MINGW_USE_VC2005_COMPAT -D_FILE_OFFSET_BITS=64  -O3 -fno-fast-math -fstack-protector-strong conftest.c  -L. -LC:/Ruby31-x64/lib -L. -pipe -s -fstack-protector-strong -Wl,--no-as-needed  -m64   -lx64-ucrt-ruby310  -lshell32 -lws2_32 -liphlpapi -limagehlp -lshlwapi -lbcrypt  "
conftest.c: In function 't':
conftest.c:18:57: error: '__lzcnt' undeclared (first use in this function); did you mean '__lzcnt64'?
   18 | int t(void) { void ((*volatile p)()); p = (void ((*)()))__lzcnt; return !p; }
      |                                                         ^~~~~~~
      |                                                         __lzcnt64
conftest.c:18:57: note: each undeclared identifier is reported only once for each function it appears in
checked program was:
/* begin */
 1: #include "ruby.h"
 2: 
 3: #include <winsock2.h>
 4: #include <windows.h>
 5: #include <intrin.h>
 6: 
 7: /*top*/
 8: extern int t(void);
 9: int main(int argc, char **argv)
10: {
11:   if (argc > 1000000) {
12:     int (* volatile tp)(void)=(int (*)(void))&t;
13:     printf("%d", (*tp)());
14:   }
15: 
16:   return !!argv[argc];
17: }
18: int t(void) { void ((*volatile p)()); p = (void ((*)()))__lzcnt; return !p; }
/* end */

PATH=".;C:/Ruby31-x64/lib;C:\Ruby31-x64\bin;C:\Ruby31-x64\msys64\ucrt64\bin;C:\Ruby31-x64\msys64\usr\bin;C:\Program Files\PowerShell\7;C:\Program Files (x86)\Common Files\Oracle\Java\java8path;C:\Program Files (x86)\Common Files\Oracle\Java\javapath;C:\Program Files (x86)\VMware\VMware Player\bin\;C:\Program Files (x86)\NVIDIA Corporation\PhysX\Common;C:\WINDOWS\system32;C:\WINDOWS;C:\WINDOWS\System32\Wbem;C:\WINDOWS\System32\WindowsPowerShell\v1.0\;C:\WINDOWS\System32\OpenSSH\;C:\ProgramData\chocolatey\bin;C:\Users\Dolly\AppData\Local\Packages\PythonSoftwareFoundation.Python.3.7_qbz5n2kfra8p0\LocalCache\local-packages\Python37\Scripts\;C:\Program Files (x86)\oh-my-posh\bin;C:\Program Files\dotnet\;C:\Program Files (x86)\GTK2-Runtime\bin;c:\Users\Dolly\AppData\Local\Programs\cursor\resources\app\bin;C:\Program Files\gs\gs10.01.2\bin;C:\Program Files (x86)\Heavyocity\Heavyocity Portal;C:\Program Files\Pandoc\;C:\Program Files\PowerShell\7\;C:\Program Files\gsudo\Current;C:\Program Files\nodejs\;C:\Program Files\Meld\;C:\Program Files\Git\cmd;C:\Users\Dolly\AppData\Local\Programs\Python\Python311\Scripts\;C:\Users\Dolly\AppData\Local\Programs\Python\Python311\;C:\Users\Dolly\AppData\Local\Programs\Python\Launcher\;C:\Ruby31-x64\bin;C:\Users\Dolly\scoop\shims;C:\Users\Dolly\AppData\Local\Microsoft\WindowsApps;C:\OSGeo4W\bin;C:\bin\osm2pgsql-bin;C:\bin\platform-tools;C:\Users\Dolly\AppData\Local\Programs\oh-my-posh\bin;C:\Users\Dolly\AppData\Local\Programs\Hyper\resources\bin;C:\Users\Dolly\AppData\Local\GitHubDesktop\bin;C:\Program Files\ImageMagick-7.1.1-Q16-HDRI;C:\Users\Dolly\AppData\Local\Microsoft\WinGet\Packages\jqlang.jq_Microsoft.Winget.Source_8wekyb3d8bbwe;C:\Program Files\snap\bin;C:\Users\Dolly\.dotnet\tools;C:\Program Files\Vim\vim90;C:\Users\Dolly\AppData\Roaming\npm;C:\Users\Dolly\AppData\Local\Programs\Microsoft VS Code Insiders\bin" "gcc -o conftest.exe -IC:/Ruby31-x64/include/ruby-3.1.0/x64-mingw-ucrt -IC:/Ruby31-x64/include/ruby-3.1.0/ruby/backward -IC:/Ruby31-x64/include/ruby-3.1.0 -I. -D__USE_MINGW_ANSI_STDIO=1 -DFD_SETSIZE=2048 -D_WIN32_WINNT=0x0600 -D__MINGW_USE_VC2005_COMPAT -D_FILE_OFFSET_BITS=64  -O3 -fno-fast-math -fstack-protector-strong conftest.c  -L. -LC:/Ruby31-x64/lib -L. -pipe -s -fstack-protector-strong -Wl,--no-as-needed  -m64   -lx64-ucrt-ruby310  -lshell32 -lws2_32 -liphlpapi -limagehlp -lshlwapi -lbcrypt  "
C:/Ruby31-x64/msys64/ucrt64/bin/../lib/gcc/x86_64-w64-mingw32/11.2.0/../../../../x86_64-w64-mingw32/bin/ld.exe: C:\Users\Dolly\AppData\Local\Temp\ccnYaKSN.o:conftest.c:(.text+0x5): undefined reference to `__lzcnt'
collect2.exe: error: ld returned 1 exit status
checked program was:
/* begin */
 1: #include "ruby.h"
 2: 
 3: #include <winsock2.h>
 4: #include <windows.h>
 5: #include <intrin.h>
 6: 
 7: /*top*/
 8: extern int t(void);
 9: int main(int argc, char **argv)
10: {
11:   if (argc > 1000000) {
12:     int (* volatile tp)(void)=(int (*)(void))&t;
13:     printf("%d", (*tp)());
14:   }
15: 
16:   return !!argv[argc];
17: }
18: extern void __lzcnt();
19: int t(void) { __lzcnt(); return 0; }
/* end */

--------------------

have_func: checking for __lzcnt64() in intrin.h... -------------------- no

PATH=".;C:/Ruby31-x64/lib;C:\Ruby31-x64\bin;C:\Ruby31-x64\msys64\ucrt64\bin;C:\Ruby31-x64\msys64\usr\bin;C:\Program Files\PowerShell\7;C:\Program Files (x86)\Common Files\Oracle\Java\java8path;C:\Program Files (x86)\Common Files\Oracle\Java\javapath;C:\Program Files (x86)\VMware\VMware Player\bin\;C:\Program Files (x86)\NVIDIA Corporation\PhysX\Common;C:\WINDOWS\system32;C:\WINDOWS;C:\WINDOWS\System32\Wbem;C:\WINDOWS\System32\WindowsPowerShell\v1.0\;C:\WINDOWS\System32\OpenSSH\;C:\ProgramData\chocolatey\bin;C:\Users\Dolly\AppData\Local\Packages\PythonSoftwareFoundation.Python.3.7_qbz5n2kfra8p0\LocalCache\local-packages\Python37\Scripts\;C:\Program Files (x86)\oh-my-posh\bin;C:\Program Files\dotnet\;C:\Program Files (x86)\GTK2-Runtime\bin;c:\Users\Dolly\AppData\Local\Programs\cursor\resources\app\bin;C:\Program Files\gs\gs10.01.2\bin;C:\Program Files (x86)\Heavyocity\Heavyocity Portal;C:\Program Files\Pandoc\;C:\Program Files\PowerShell\7\;C:\Program Files\gsudo\Current;C:\Program Files\nodejs\;C:\Program Files\Meld\;C:\Program Files\Git\cmd;C:\Users\Dolly\AppData\Local\Programs\Python\Python311\Scripts\;C:\Users\Dolly\AppData\Local\Programs\Python\Python311\;C:\Users\Dolly\AppData\Local\Programs\Python\Launcher\;C:\Ruby31-x64\bin;C:\Users\Dolly\scoop\shims;C:\Users\Dolly\AppData\Local\Microsoft\WindowsApps;C:\OSGeo4W\bin;C:\bin\osm2pgsql-bin;C:\bin\platform-tools;C:\Users\Dolly\AppData\Local\Programs\oh-my-posh\bin;C:\Users\Dolly\AppData\Local\Programs\Hyper\resources\bin;C:\Users\Dolly\AppData\Local\GitHubDesktop\bin;C:\Program Files\ImageMagick-7.1.1-Q16-HDRI;C:\Users\Dolly\AppData\Local\Microsoft\WinGet\Packages\jqlang.jq_Microsoft.Winget.Source_8wekyb3d8bbwe;C:\Program Files\snap\bin;C:\Users\Dolly\.dotnet\tools;C:\Program Files\Vim\vim90;C:\Users\Dolly\AppData\Roaming\npm;C:\Users\Dolly\AppData\Local\Programs\Microsoft VS Code Insiders\bin" "gcc -o conftest.exe -IC:/Ruby31-x64/include/ruby-3.1.0/x64-mingw-ucrt -IC:/Ruby31-x64/include/ruby-3.1.0/ruby/backward -IC:/Ruby31-x64/include/ruby-3.1.0 -I. -D__USE_MINGW_ANSI_STDIO=1 -DFD_SETSIZE=2048 -D_WIN32_WINNT=0x0600 -D__MINGW_USE_VC2005_COMPAT -D_FILE_OFFSET_BITS=64  -O3 -fno-fast-math -fstack-protector-strong conftest.c  -L. -LC:/Ruby31-x64/lib -L. -pipe -s -fstack-protector-strong -Wl,--no-as-needed  -m64   -lx64-ucrt-ruby310  -lshell32 -lws2_32 -liphlpapi -limagehlp -lshlwapi -lbcrypt  "
C:/Ruby31-x64/msys64/ucrt64/bin/../lib/gcc/x86_64-w64-mingw32/11.2.0/../../../../x86_64-w64-mingw32/bin/ld.exe: C:\Users\Dolly\AppData\Local\Temp\ccse0AFW.o:conftest.c:(.rdata$.refptr.__lzcnt64[.refptr.__lzcnt64]+0x0): undefined reference to `__lzcnt64'
collect2.exe: error: ld returned 1 exit status
checked program was:
/* begin */
 1: #include "ruby.h"
 2: 
 3: #include <winsock2.h>
 4: #include <windows.h>
 5: #include <intrin.h>
 6: 
 7: /*top*/
 8: extern int t(void);
 9: int main(int argc, char **argv)
10: {
11:   if (argc > 1000000) {
12:     int (* volatile tp)(void)=(int (*)(void))&t;
13:     printf("%d", (*tp)());
14:   }
15: 
16:   return !!argv[argc];
17: }
18: int t(void) { void ((*volatile p)()); p = (void ((*)()))__lzcnt64; return !p; }
/* end */

PATH=".;C:/Ruby31-x64/lib;C:\Ruby31-x64\bin;C:\Ruby31-x64\msys64\ucrt64\bin;C:\Ruby31-x64\msys64\usr\bin;C:\Program Files\PowerShell\7;C:\Program Files (x86)\Common Files\Oracle\Java\java8path;C:\Program Files (x86)\Common Files\Oracle\Java\javapath;C:\Program Files (x86)\VMware\VMware Player\bin\;C:\Program Files (x86)\NVIDIA Corporation\PhysX\Common;C:\WINDOWS\system32;C:\WINDOWS;C:\WINDOWS\System32\Wbem;C:\WINDOWS\System32\WindowsPowerShell\v1.0\;C:\WINDOWS\System32\OpenSSH\;C:\ProgramData\chocolatey\bin;C:\Users\Dolly\AppData\Local\Packages\PythonSoftwareFoundation.Python.3.7_qbz5n2kfra8p0\LocalCache\local-packages\Python37\Scripts\;C:\Program Files (x86)\oh-my-posh\bin;C:\Program Files\dotnet\;C:\Program Files (x86)\GTK2-Runtime\bin;c:\Users\Dolly\AppData\Local\Programs\cursor\resources\app\bin;C:\Program Files\gs\gs10.01.2\bin;C:\Program Files (x86)\Heavyocity\Heavyocity Portal;C:\Program Files\Pandoc\;C:\Program Files\PowerShell\7\;C:\Program Files\gsudo\Current;C:\Program Files\nodejs\;C:\Program Files\Meld\;C:\Program Files\Git\cmd;C:\Users\Dolly\AppData\Local\Programs\Python\Python311\Scripts\;C:\Users\Dolly\AppData\Local\Programs\Python\Python311\;C:\Users\Dolly\AppData\Local\Programs\Python\Launcher\;C:\Ruby31-x64\bin;C:\Users\Dolly\scoop\shims;C:\Users\Dolly\AppData\Local\Microsoft\WindowsApps;C:\OSGeo4W\bin;C:\bin\osm2pgsql-bin;C:\bin\platform-tools;C:\Users\Dolly\AppData\Local\Programs\oh-my-posh\bin;C:\Users\Dolly\AppData\Local\Programs\Hyper\resources\bin;C:\Users\Dolly\AppData\Local\GitHubDesktop\bin;C:\Program Files\ImageMagick-7.1.1-Q16-HDRI;C:\Users\Dolly\AppData\Local\Microsoft\WinGet\Packages\jqlang.jq_Microsoft.Winget.Source_8wekyb3d8bbwe;C:\Program Files\snap\bin;C:\Users\Dolly\.dotnet\tools;C:\Program Files\Vim\vim90;C:\Users\Dolly\AppData\Roaming\npm;C:\Users\Dolly\AppData\Local\Programs\Microsoft VS Code Insiders\bin" "gcc -o conftest.exe -IC:/Ruby31-x64/include/ruby-3.1.0/x64-mingw-ucrt -IC:/Ruby31-x64/include/ruby-3.1.0/ruby/backward -IC:/Ruby31-x64/include/ruby-3.1.0 -I. -D__USE_MINGW_ANSI_STDIO=1 -DFD_SETSIZE=2048 -D_WIN32_WINNT=0x0600 -D__MINGW_USE_VC2005_COMPAT -D_FILE_OFFSET_BITS=64  -O3 -fno-fast-math -fstack-protector-strong conftest.c  -L. -LC:/Ruby31-x64/lib -L. -pipe -s -fstack-protector-strong -Wl,--no-as-needed  -m64   -lx64-ucrt-ruby310  -lshell32 -lws2_32 -liphlpapi -limagehlp -lshlwapi -lbcrypt  "
conftest.c:18:13: error: conflicting types for '__lzcnt64'; have 'void()'
   18 | extern void __lzcnt64();
      |             ^~~~~~~~~
In file included from C:/Ruby31-x64/msys64/ucrt64/lib/gcc/x86_64-w64-mingw32/11.2.0/include/x86gprintrin.h:53,
                 from C:/Ruby31-x64/msys64/ucrt64/lib/gcc/x86_64-w64-mingw32/11.2.0/include/x86intrin.h:27,
                 from C:/Ruby31-x64/msys64/ucrt64/include/winnt.h:1555,
                 from C:/Ruby31-x64/msys64/ucrt64/include/minwindef.h:163,
                 from C:/Ruby31-x64/msys64/ucrt64/include/windef.h:9,
                 from C:/Ruby31-x64/msys64/ucrt64/include/windows.h:69,
                 from C:/Ruby31-x64/msys64/ucrt64/include/winsock2.h:23,
                 from C:/Ruby31-x64/include/ruby-3.1.0/ruby/win32.h:41,
                 from C:/Ruby31-x64/include/ruby-3.1.0/ruby/internal/dosish.h:38,
                 from C:/Ruby31-x64/include/ruby-3.1.0/ruby/defines.h:78,
                 from C:/Ruby31-x64/include/ruby-3.1.0/ruby/ruby.h:25,
                 from C:/Ruby31-x64/include/ruby-3.1.0/ruby.h:38,
                 from conftest.c:1:
C:/Ruby31-x64/msys64/ucrt64/lib/gcc/x86_64-w64-mingw32/11.2.0/include/lzcntintrin.h:58:1: note: previous definition of '__lzcnt64' with type 'long long unsigned int(long long unsigned int)'
   58 | __lzcnt64 (unsigned long long __X)
      | ^~~~~~~~~
checked program was:
/* begin */
 1: #include "ruby.h"
 2: 
 3: #include <winsock2.h>
 4: #include <windows.h>
 5: #include <intrin.h>
 6: 
 7: /*top*/
 8: extern int t(void);
 9: int main(int argc, char **argv)
10: {
11:   if (argc > 1000000) {
12:     int (* volatile tp)(void)=(int (*)(void))&t;
13:     printf("%d", (*tp)());
14:   }
15: 
16:   return !!argv[argc];
17: }
18: extern void __lzcnt64();
19: int t(void) { __lzcnt64(); return 0; }
/* end */

--------------------

have_func: checking for _BitScanReverse() in intrin.h... -------------------- yes

PATH=".;C:/Ruby31-x64/lib;C:\Ruby31-x64\bin;C:\Ruby31-x64\msys64\ucrt64\bin;C:\Ruby31-x64\msys64\usr\bin;C:\Program Files\PowerShell\7;C:\Program Files (x86)\Common Files\Oracle\Java\java8path;C:\Program Files (x86)\Common Files\Oracle\Java\javapath;C:\Program Files (x86)\VMware\VMware Player\bin\;C:\Program Files (x86)\NVIDIA Corporation\PhysX\Common;C:\WINDOWS\system32;C:\WINDOWS;C:\WINDOWS\System32\Wbem;C:\WINDOWS\System32\WindowsPowerShell\v1.0\;C:\WINDOWS\System32\OpenSSH\;C:\ProgramData\chocolatey\bin;C:\Users\Dolly\AppData\Local\Packages\PythonSoftwareFoundation.Python.3.7_qbz5n2kfra8p0\LocalCache\local-packages\Python37\Scripts\;C:\Program Files (x86)\oh-my-posh\bin;C:\Program Files\dotnet\;C:\Program Files (x86)\GTK2-Runtime\bin;c:\Users\Dolly\AppData\Local\Programs\cursor\resources\app\bin;C:\Program Files\gs\gs10.01.2\bin;C:\Program Files (x86)\Heavyocity\Heavyocity Portal;C:\Program Files\Pandoc\;C:\Program Files\PowerShell\7\;C:\Program Files\gsudo\Current;C:\Program Files\nodejs\;C:\Program Files\Meld\;C:\Program Files\Git\cmd;C:\Users\Dolly\AppData\Local\Programs\Python\Python311\Scripts\;C:\Users\Dolly\AppData\Local\Programs\Python\Python311\;C:\Users\Dolly\AppData\Local\Programs\Python\Launcher\;C:\Ruby31-x64\bin;C:\Users\Dolly\scoop\shims;C:\Users\Dolly\AppData\Local\Microsoft\WindowsApps;C:\OSGeo4W\bin;C:\bin\osm2pgsql-bin;C:\bin\platform-tools;C:\Users\Dolly\AppData\Local\Programs\oh-my-posh\bin;C:\Users\Dolly\AppData\Local\Programs\Hyper\resources\bin;C:\Users\Dolly\AppData\Local\GitHubDesktop\bin;C:\Program Files\ImageMagick-7.1.1-Q16-HDRI;C:\Users\Dolly\AppData\Local\Microsoft\WinGet\Packages\jqlang.jq_Microsoft.Winget.Source_8wekyb3d8bbwe;C:\Program Files\snap\bin;C:\Users\Dolly\.dotnet\tools;C:\Program Files\Vim\vim90;C:\Users\Dolly\AppData\Roaming\npm;C:\Users\Dolly\AppData\Local\Programs\Microsoft VS Code Insiders\bin" "gcc -o conftest.exe -IC:/Ruby31-x64/include/ruby-3.1.0/x64-mingw-ucrt -IC:/Ruby31-x64/include/ruby-3.1.0/ruby/backward -IC:/Ruby31-x64/include/ruby-3.1.0 -I. -D__USE_MINGW_ANSI_STDIO=1 -DFD_SETSIZE=2048 -D_WIN32_WINNT=0x0600 -D__MINGW_USE_VC2005_COMPAT -D_FILE_OFFSET_BITS=64  -O3 -fno-fast-math -fstack-protector-strong conftest.c  -L. -LC:/Ruby31-x64/lib -L. -pipe -s -fstack-protector-strong -Wl,--no-as-needed  -m64   -lx64-ucrt-ruby310  -lshell32 -lws2_32 -liphlpapi -limagehlp -lshlwapi -lbcrypt  "
checked program was:
/* begin */
 1: #include "ruby.h"
 2: 
 3: #include <winsock2.h>
 4: #include <windows.h>
 5: #include <intrin.h>
 6: 
 7: /*top*/
 8: extern int t(void);
 9: int main(int argc, char **argv)
10: {
11:   if (argc > 1000000) {
12:     int (* volatile tp)(void)=(int (*)(void))&t;
13:     printf("%d", (*tp)());
14:   }
15: 
16:   return !!argv[argc];
17: }
18: int t(void) { void ((*volatile p)()); p = (void ((*)()))_BitScanReverse; return !p; }
/* end */

--------------------

have_func: checking for _BitScanReverse64() in intrin.h... -------------------- yes

PATH=".;C:/Ruby31-x64/lib;C:\Ruby31-x64\bin;C:\Ruby31-x64\msys64\ucrt64\bin;C:\Ruby31-x64\msys64\usr\bin;C:\Program Files\PowerShell\7;C:\Program Files (x86)\Common Files\Oracle\Java\java8path;C:\Program Files (x86)\Common Files\Oracle\Java\javapath;C:\Program Files (x86)\VMware\VMware Player\bin\;C:\Program Files (x86)\NVIDIA Corporation\PhysX\Common;C:\WINDOWS\system32;C:\WINDOWS;C:\WINDOWS\System32\Wbem;C:\WINDOWS\System32\WindowsPowerShell\v1.0\;C:\WINDOWS\System32\OpenSSH\;C:\ProgramData\chocolatey\bin;C:\Users\Dolly\AppData\Local\Packages\PythonSoftwareFoundation.Python.3.7_qbz5n2kfra8p0\LocalCache\local-packages\Python37\Scripts\;C:\Program Files (x86)\oh-my-posh\bin;C:\Program Files\dotnet\;C:\Program Files (x86)\GTK2-Runtime\bin;c:\Users\Dolly\AppData\Local\Programs\cursor\resources\app\bin;C:\Program Files\gs\gs10.01.2\bin;C:\Program Files (x86)\Heavyocity\Heavyocity Portal;C:\Program Files\Pandoc\;C:\Program Files\PowerShell\7\;C:\Program Files\gsudo\Current;C:\Program Files\nodejs\;C:\Program Files\Meld\;C:\Program Files\Git\cmd;C:\Users\Dolly\AppData\Local\Programs\Python\Python311\Scripts\;C:\Users\Dolly\AppData\Local\Programs\Python\Python311\;C:\Users\Dolly\AppData\Local\Programs\Python\Launcher\;C:\Ruby31-x64\bin;C:\Users\Dolly\scoop\shims;C:\Users\Dolly\AppData\Local\Microsoft\WindowsApps;C:\OSGeo4W\bin;C:\bin\osm2pgsql-bin;C:\bin\platform-tools;C:\Users\Dolly\AppData\Local\Programs\oh-my-posh\bin;C:\Users\Dolly\AppData\Local\Programs\Hyper\resources\bin;C:\Users\Dolly\AppData\Local\GitHubDesktop\bin;C:\Program Files\ImageMagick-7.1.1-Q16-HDRI;C:\Users\Dolly\AppData\Local\Microsoft\WinGet\Packages\jqlang.jq_Microsoft.Winget.Source_8wekyb3d8bbwe;C:\Program Files\snap\bin;C:\Users\Dolly\.dotnet\tools;C:\Program Files\Vim\vim90;C:\Users\Dolly\AppData\Roaming\npm;C:\Users\Dolly\AppData\Local\Programs\Microsoft VS Code Insiders\bin" "gcc -o conftest.exe -IC:/Ruby31-x64/include/ruby-3.1.0/x64-mingw-ucrt -IC:/Ruby31-x64/include/ruby-3.1.0/ruby/backward -IC:/Ruby31-x64/include/ruby-3.1.0 -I. -D__USE_MINGW_ANSI_STDIO=1 -DFD_SETSIZE=2048 -D_WIN32_WINNT=0x0600 -D__MINGW_USE_VC2005_COMPAT -D_FILE_OFFSET_BITS=64  -O3 -fno-fast-math -fstack-protector-strong conftest.c  -L. -LC:/Ruby31-x64/lib -L. -pipe -s -fstack-protector-strong -Wl,--no-as-needed  -m64   -lx64-ucrt-ruby310  -lshell32 -lws2_32 -liphlpapi -limagehlp -lshlwapi -lbcrypt  "
checked program was:
/* begin */
 1: #include "ruby.h"
 2: 
 3: #include <winsock2.h>
 4: #include <windows.h>
 5: #include <intrin.h>
 6: 
 7: /*top*/
 8: extern int t(void);
 9: int main(int argc, char **argv)
10: {
11:   if (argc > 1000000) {
12:     int (* volatile tp)(void)=(int (*)(void))&t;
13:     printf("%d", (*tp)());
14:   }
15: 
16:   return !!argv[argc];
17: }
18: int t(void) { void ((*volatile p)()); p = (void ((*)()))_BitScanReverse64; return !p; }
/* end */

--------------------

have_func: checking for labs() in stdlib.h... -------------------- yes

PATH=".;C:/Ruby31-x64/lib;C:\Ruby31-x64\bin;C:\Ruby31-x64\msys64\ucrt64\bin;C:\Ruby31-x64\msys64\usr\bin;C:\Program Files\PowerShell\7;C:\Program Files (x86)\Common Files\Oracle\Java\java8path;C:\Program Files (x86)\Common Files\Oracle\Java\javapath;C:\Program Files (x86)\VMware\VMware Player\bin\;C:\Program Files (x86)\NVIDIA Corporation\PhysX\Common;C:\WINDOWS\system32;C:\WINDOWS;C:\WINDOWS\System32\Wbem;C:\WINDOWS\System32\WindowsPowerShell\v1.0\;C:\WINDOWS\System32\OpenSSH\;C:\ProgramData\chocolatey\bin;C:\Users\Dolly\AppData\Local\Packages\PythonSoftwareFoundation.Python.3.7_qbz5n2kfra8p0\LocalCache\local-packages\Python37\Scripts\;C:\Program Files (x86)\oh-my-posh\bin;C:\Program Files\dotnet\;C:\Program Files (x86)\GTK2-Runtime\bin;c:\Users\Dolly\AppData\Local\Programs\cursor\resources\app\bin;C:\Program Files\gs\gs10.01.2\bin;C:\Program Files (x86)\Heavyocity\Heavyocity Portal;C:\Program Files\Pandoc\;C:\Program Files\PowerShell\7\;C:\Program Files\gsudo\Current;C:\Program Files\nodejs\;C:\Program Files\Meld\;C:\Program Files\Git\cmd;C:\Users\Dolly\AppData\Local\Programs\Python\Python311\Scripts\;C:\Users\Dolly\AppData\Local\Programs\Python\Python311\;C:\Users\Dolly\AppData\Local\Programs\Python\Launcher\;C:\Ruby31-x64\bin;C:\Users\Dolly\scoop\shims;C:\Users\Dolly\AppData\Local\Microsoft\WindowsApps;C:\OSGeo4W\bin;C:\bin\osm2pgsql-bin;C:\bin\platform-tools;C:\Users\Dolly\AppData\Local\Programs\oh-my-posh\bin;C:\Users\Dolly\AppData\Local\Programs\Hyper\resources\bin;C:\Users\Dolly\AppData\Local\GitHubDesktop\bin;C:\Program Files\ImageMagick-7.1.1-Q16-HDRI;C:\Users\Dolly\AppData\Local\Microsoft\WinGet\Packages\jqlang.jq_Microsoft.Winget.Source_8wekyb3d8bbwe;C:\Program Files\snap\bin;C:\Users\Dolly\.dotnet\tools;C:\Program Files\Vim\vim90;C:\Users\Dolly\AppData\Roaming\npm;C:\Users\Dolly\AppData\Local\Programs\Microsoft VS Code Insiders\bin" "gcc -o conftest.exe -IC:/Ruby31-x64/include/ruby-3.1.0/x64-mingw-ucrt -IC:/Ruby31-x64/include/ruby-3.1.0/ruby/backward -IC:/Ruby31-x64/include/ruby-3.1.0 -I. -D__USE_MINGW_ANSI_STDIO=1 -DFD_SETSIZE=2048 -D_WIN32_WINNT=0x0600 -D__MINGW_USE_VC2005_COMPAT -D_FILE_OFFSET_BITS=64  -O3 -fno-fast-math -fstack-protector-strong conftest.c  -L. -LC:/Ruby31-x64/lib -L. -pipe -s -fstack-protector-strong -Wl,--no-as-needed  -m64   -lx64-ucrt-ruby310  -lshell32 -lws2_32 -liphlpapi -limagehlp -lshlwapi -lbcrypt  "
checked program was:
/* begin */
 1: #include "ruby.h"
 2: 
 3: #include <winsock2.h>
 4: #include <windows.h>
 5: #include <stdlib.h>
 6: 
 7: /*top*/
 8: extern int t(void);
 9: int main(int argc, char **argv)
10: {
11:   if (argc > 1000000) {
12:     int (* volatile tp)(void)=(int (*)(void))&t;
13:     printf("%d", (*tp)());
14:   }
15: 
16:   return !!argv[argc];
17: }
18: int t(void) { void ((*volatile p)()); p = (void ((*)()))labs; return !p; }
/* end */

--------------------

have_func: checking for llabs() in stdlib.h... -------------------- yes

PATH=".;C:/Ruby31-x64/lib;C:\Ruby31-x64\bin;C:\Ruby31-x64\msys64\ucrt64\bin;C:\Ruby31-x64\msys64\usr\bin;C:\Program Files\PowerShell\7;C:\Program Files (x86)\Common Files\Oracle\Java\java8path;C:\Program Files (x86)\Common Files\Oracle\Java\javapath;C:\Program Files (x86)\VMware\VMware Player\bin\;C:\Program Files (x86)\NVIDIA Corporation\PhysX\Common;C:\WINDOWS\system32;C:\WINDOWS;C:\WINDOWS\System32\Wbem;C:\WINDOWS\System32\WindowsPowerShell\v1.0\;C:\WINDOWS\System32\OpenSSH\;C:\ProgramData\chocolatey\bin;C:\Users\Dolly\AppData\Local\Packages\PythonSoftwareFoundation.Python.3.7_qbz5n2kfra8p0\LocalCache\local-packages\Python37\Scripts\;C:\Program Files (x86)\oh-my-posh\bin;C:\Program Files\dotnet\;C:\Program Files (x86)\GTK2-Runtime\bin;c:\Users\Dolly\AppData\Local\Programs\cursor\resources\app\bin;C:\Program Files\gs\gs10.01.2\bin;C:\Program Files (x86)\Heavyocity\Heavyocity Portal;C:\Program Files\Pandoc\;C:\Program Files\PowerShell\7\;C:\Program Files\gsudo\Current;C:\Program Files\nodejs\;C:\Program Files\Meld\;C:\Program Files\Git\cmd;C:\Users\Dolly\AppData\Local\Programs\Python\Python311\Scripts\;C:\Users\Dolly\AppData\Local\Programs\Python\Python311\;C:\Users\Dolly\AppData\Local\Programs\Python\Launcher\;C:\Ruby31-x64\bin;C:\Users\Dolly\scoop\shims;C:\Users\Dolly\AppData\Local\Microsoft\WindowsApps;C:\OSGeo4W\bin;C:\bin\osm2pgsql-bin;C:\bin\platform-tools;C:\Users\Dolly\AppData\Local\Programs\oh-my-posh\bin;C:\Users\Dolly\AppData\Local\Programs\Hyper\resources\bin;C:\Users\Dolly\AppData\Local\GitHubDesktop\bin;C:\Program Files\ImageMagick-7.1.1-Q16-HDRI;C:\Users\Dolly\AppData\Local\Microsoft\WinGet\Packages\jqlang.jq_Microsoft.Winget.Source_8wekyb3d8bbwe;C:\Program Files\snap\bin;C:\Users\Dolly\.dotnet\tools;C:\Program Files\Vim\vim90;C:\Users\Dolly\AppData\Roaming\npm;C:\Users\Dolly\AppData\Local\Programs\Microsoft VS Code Insiders\bin" "gcc -o conftest.exe -IC:/Ruby31-x64/include/ruby-3.1.0/x64-mingw-ucrt -IC:/Ruby31-x64/include/ruby-3.1.0/ruby/backward -IC:/Ruby31-x64/include/ruby-3.1.0 -I. -D__USE_MINGW_ANSI_STDIO=1 -DFD_SETSIZE=2048 -D_WIN32_WINNT=0x0600 -D__MINGW_USE_VC2005_COMPAT -D_FILE_OFFSET_BITS=64  -O3 -fno-fast-math -fstack-protector-strong conftest.c  -L. -LC:/Ruby31-x64/lib -L. -pipe -s -fstack-protector-strong -Wl,--no-as-needed  -m64   -lx64-ucrt-ruby310  -lshell32 -lws2_32 -liphlpapi -limagehlp -lshlwapi -lbcrypt  "
checked program was:
/* begin */
 1: #include "ruby.h"
 2: 
 3: #include <winsock2.h>
 4: #include <windows.h>
 5: #include <stdlib.h>
 6: 
 7: /*top*/
 8: extern int t(void);
 9: int main(int argc, char **argv)
10: {
11:   if (argc > 1000000) {
12:     int (* volatile tp)(void)=(int (*)(void))&t;
13:     printf("%d", (*tp)());
14:   }
15: 
16:   return !!argv[argc];
17: }
18: int t(void) { void ((*volatile p)()); p = (void ((*)()))llabs; return !p; }
/* end */

--------------------

have_func: checking for finite() in math.h... -------------------- yes

PATH=".;C:/Ruby31-x64/lib;C:\Ruby31-x64\bin;C:\Ruby31-x64\msys64\ucrt64\bin;C:\Ruby31-x64\msys64\usr\bin;C:\Program Files\PowerShell\7;C:\Program Files (x86)\Common Files\Oracle\Java\java8path;C:\Program Files (x86)\Common Files\Oracle\Java\javapath;C:\Program Files (x86)\VMware\VMware Player\bin\;C:\Program Files (x86)\NVIDIA Corporation\PhysX\Common;C:\WINDOWS\system32;C:\WINDOWS;C:\WINDOWS\System32\Wbem;C:\WINDOWS\System32\WindowsPowerShell\v1.0\;C:\WINDOWS\System32\OpenSSH\;C:\ProgramData\chocolatey\bin;C:\Users\Dolly\AppData\Local\Packages\PythonSoftwareFoundation.Python.3.7_qbz5n2kfra8p0\LocalCache\local-packages\Python37\Scripts\;C:\Program Files (x86)\oh-my-posh\bin;C:\Program Files\dotnet\;C:\Program Files (x86)\GTK2-Runtime\bin;c:\Users\Dolly\AppData\Local\Programs\cursor\resources\app\bin;C:\Program Files\gs\gs10.01.2\bin;C:\Program Files (x86)\Heavyocity\Heavyocity Portal;C:\Program Files\Pandoc\;C:\Program Files\PowerShell\7\;C:\Program Files\gsudo\Current;C:\Program Files\nodejs\;C:\Program Files\Meld\;C:\Program Files\Git\cmd;C:\Users\Dolly\AppData\Local\Programs\Python\Python311\Scripts\;C:\Users\Dolly\AppData\Local\Programs\Python\Python311\;C:\Users\Dolly\AppData\Local\Programs\Python\Launcher\;C:\Ruby31-x64\bin;C:\Users\Dolly\scoop\shims;C:\Users\Dolly\AppData\Local\Microsoft\WindowsApps;C:\OSGeo4W\bin;C:\bin\osm2pgsql-bin;C:\bin\platform-tools;C:\Users\Dolly\AppData\Local\Programs\oh-my-posh\bin;C:\Users\Dolly\AppData\Local\Programs\Hyper\resources\bin;C:\Users\Dolly\AppData\Local\GitHubDesktop\bin;C:\Program Files\ImageMagick-7.1.1-Q16-HDRI;C:\Users\Dolly\AppData\Local\Microsoft\WinGet\Packages\jqlang.jq_Microsoft.Winget.Source_8wekyb3d8bbwe;C:\Program Files\snap\bin;C:\Users\Dolly\.dotnet\tools;C:\Program Files\Vim\vim90;C:\Users\Dolly\AppData\Roaming\npm;C:\Users\Dolly\AppData\Local\Programs\Microsoft VS Code Insiders\bin" "gcc -o conftest.exe -IC:/Ruby31-x64/include/ruby-3.1.0/x64-mingw-ucrt -IC:/Ruby31-x64/include/ruby-3.1.0/ruby/backward -IC:/Ruby31-x64/include/ruby-3.1.0 -I. -D__USE_MINGW_ANSI_STDIO=1 -DFD_SETSIZE=2048 -D_WIN32_WINNT=0x0600 -D__MINGW_USE_VC2005_COMPAT -D_FILE_OFFSET_BITS=64  -O3 -fno-fast-math -fstack-protector-strong conftest.c  -L. -LC:/Ruby31-x64/lib -L. -pipe -s -fstack-protector-strong -Wl,--no-as-needed  -m64   -lx64-ucrt-ruby310  -lshell32 -lws2_32 -liphlpapi -limagehlp -lshlwapi -lbcrypt  "
checked program was:
/* begin */
 1: #include "ruby.h"
 2: 
 3: #include <winsock2.h>
 4: #include <windows.h>
 5: #include <math.h>
 6: 
 7: /*top*/
 8: extern int t(void);
 9: int main(int argc, char **argv)
10: {
11:   if (argc > 1000000) {
12:     int (* volatile tp)(void)=(int (*)(void))&t;
13:     printf("%d", (*tp)());
14:   }
15: 
16:   return !!argv[argc];
17: }
18: int t(void) { void ((*volatile p)()); p = (void ((*)()))finite; return !p; }
/* end */

--------------------

have_func: checking for isfinite() in math.h... -------------------- no

PATH=".;C:/Ruby31-x64/lib;C:\Ruby31-x64\bin;C:\Ruby31-x64\msys64\ucrt64\bin;C:\Ruby31-x64\msys64\usr\bin;C:\Program Files\PowerShell\7;C:\Program Files (x86)\Common Files\Oracle\Java\java8path;C:\Program Files (x86)\Common Files\Oracle\Java\javapath;C:\Program Files (x86)\VMware\VMware Player\bin\;C:\Program Files (x86)\NVIDIA Corporation\PhysX\Common;C:\WINDOWS\system32;C:\WINDOWS;C:\WINDOWS\System32\Wbem;C:\WINDOWS\System32\WindowsPowerShell\v1.0\;C:\WINDOWS\System32\OpenSSH\;C:\ProgramData\chocolatey\bin;C:\Users\Dolly\AppData\Local\Packages\PythonSoftwareFoundation.Python.3.7_qbz5n2kfra8p0\LocalCache\local-packages\Python37\Scripts\;C:\Program Files (x86)\oh-my-posh\bin;C:\Program Files\dotnet\;C:\Program Files (x86)\GTK2-Runtime\bin;c:\Users\Dolly\AppData\Local\Programs\cursor\resources\app\bin;C:\Program Files\gs\gs10.01.2\bin;C:\Program Files (x86)\Heavyocity\Heavyocity Portal;C:\Program Files\Pandoc\;C:\Program Files\PowerShell\7\;C:\Program Files\gsudo\Current;C:\Program Files\nodejs\;C:\Program Files\Meld\;C:\Program Files\Git\cmd;C:\Users\Dolly\AppData\Local\Programs\Python\Python311\Scripts\;C:\Users\Dolly\AppData\Local\Programs\Python\Python311\;C:\Users\Dolly\AppData\Local\Programs\Python\Launcher\;C:\Ruby31-x64\bin;C:\Users\Dolly\scoop\shims;C:\Users\Dolly\AppData\Local\Microsoft\WindowsApps;C:\OSGeo4W\bin;C:\bin\osm2pgsql-bin;C:\bin\platform-tools;C:\Users\Dolly\AppData\Local\Programs\oh-my-posh\bin;C:\Users\Dolly\AppData\Local\Programs\Hyper\resources\bin;C:\Users\Dolly\AppData\Local\GitHubDesktop\bin;C:\Program Files\ImageMagick-7.1.1-Q16-HDRI;C:\Users\Dolly\AppData\Local\Microsoft\WinGet\Packages\jqlang.jq_Microsoft.Winget.Source_8wekyb3d8bbwe;C:\Program Files\snap\bin;C:\Users\Dolly\.dotnet\tools;C:\Program Files\Vim\vim90;C:\Users\Dolly\AppData\Roaming\npm;C:\Users\Dolly\AppData\Local\Programs\Microsoft VS Code Insiders\bin" "gcc -o conftest.exe -IC:/Ruby31-x64/include/ruby-3.1.0/x64-mingw-ucrt -IC:/Ruby31-x64/include/ruby-3.1.0/ruby/backward -IC:/Ruby31-x64/include/ruby-3.1.0 -I. -D__USE_MINGW_ANSI_STDIO=1 -DFD_SETSIZE=2048 -D_WIN32_WINNT=0x0600 -D__MINGW_USE_VC2005_COMPAT -D_FILE_OFFSET_BITS=64  -O3 -fno-fast-math -fstack-protector-strong conftest.c  -L. -LC:/Ruby31-x64/lib -L. -pipe -s -fstack-protector-strong -Wl,--no-as-needed  -m64   -lx64-ucrt-ruby310  -lshell32 -lws2_32 -liphlpapi -limagehlp -lshlwapi -lbcrypt  "
conftest.c: In function 't':
conftest.c:18:57: error: 'isfinite' undeclared (first use in this function); did you mean 'finite'?
   18 | int t(void) { void ((*volatile p)()); p = (void ((*)()))isfinite; return !p; }
      |                                                         ^~~~~~~~
      |                                                         finite
conftest.c:18:57: note: each undeclared identifier is reported only once for each function it appears in
checked program was:
/* begin */
 1: #include "ruby.h"
 2: 
 3: #include <winsock2.h>
 4: #include <windows.h>
 5: #include <math.h>
 6: 
 7: /*top*/
 8: extern int t(void);
 9: int main(int argc, char **argv)
10: {
11:   if (argc > 1000000) {
12:     int (* volatile tp)(void)=(int (*)(void))&t;
13:     printf("%d", (*tp)());
14:   }
15: 
16:   return !!argv[argc];
17: }
18: int t(void) { void ((*volatile p)()); p = (void ((*)()))isfinite; return !p; }
/* end */

PATH=".;C:/Ruby31-x64/lib;C:\Ruby31-x64\bin;C:\Ruby31-x64\msys64\ucrt64\bin;C:\Ruby31-x64\msys64\usr\bin;C:\Program Files\PowerShell\7;C:\Program Files (x86)\Common Files\Oracle\Java\java8path;C:\Program Files (x86)\Common Files\Oracle\Java\javapath;C:\Program Files (x86)\VMware\VMware Player\bin\;C:\Program Files (x86)\NVIDIA Corporation\PhysX\Common;C:\WINDOWS\system32;C:\WINDOWS;C:\WINDOWS\System32\Wbem;C:\WINDOWS\System32\WindowsPowerShell\v1.0\;C:\WINDOWS\System32\OpenSSH\;C:\ProgramData\chocolatey\bin;C:\Users\Dolly\AppData\Local\Packages\PythonSoftwareFoundation.Python.3.7_qbz5n2kfra8p0\LocalCache\local-packages\Python37\Scripts\;C:\Program Files (x86)\oh-my-posh\bin;C:\Program Files\dotnet\;C:\Program Files (x86)\GTK2-Runtime\bin;c:\Users\Dolly\AppData\Local\Programs\cursor\resources\app\bin;C:\Program Files\gs\gs10.01.2\bin;C:\Program Files (x86)\Heavyocity\Heavyocity Portal;C:\Program Files\Pandoc\;C:\Program Files\PowerShell\7\;C:\Program Files\gsudo\Current;C:\Program Files\nodejs\;C:\Program Files\Meld\;C:\Program Files\Git\cmd;C:\Users\Dolly\AppData\Local\Programs\Python\Python311\Scripts\;C:\Users\Dolly\AppData\Local\Programs\Python\Python311\;C:\Users\Dolly\AppData\Local\Programs\Python\Launcher\;C:\Ruby31-x64\bin;C:\Users\Dolly\scoop\shims;C:\Users\Dolly\AppData\Local\Microsoft\WindowsApps;C:\OSGeo4W\bin;C:\bin\osm2pgsql-bin;C:\bin\platform-tools;C:\Users\Dolly\AppData\Local\Programs\oh-my-posh\bin;C:\Users\Dolly\AppData\Local\Programs\Hyper\resources\bin;C:\Users\Dolly\AppData\Local\GitHubDesktop\bin;C:\Program Files\ImageMagick-7.1.1-Q16-HDRI;C:\Users\Dolly\AppData\Local\Microsoft\WinGet\Packages\jqlang.jq_Microsoft.Winget.Source_8wekyb3d8bbwe;C:\Program Files\snap\bin;C:\Users\Dolly\.dotnet\tools;C:\Program Files\Vim\vim90;C:\Users\Dolly\AppData\Roaming\npm;C:\Users\Dolly\AppData\Local\Programs\Microsoft VS Code Insiders\bin" "gcc -o conftest.exe -IC:/Ruby31-x64/include/ruby-3.1.0/x64-mingw-ucrt -IC:/Ruby31-x64/include/ruby-3.1.0/ruby/backward -IC:/Ruby31-x64/include/ruby-3.1.0 -I. -D__USE_MINGW_ANSI_STDIO=1 -DFD_SETSIZE=2048 -D_WIN32_WINNT=0x0600 -D__MINGW_USE_VC2005_COMPAT -D_FILE_OFFSET_BITS=64  -O3 -fno-fast-math -fstack-protector-strong conftest.c  -L. -LC:/Ruby31-x64/lib -L. -pipe -s -fstack-protector-strong -Wl,--no-as-needed  -m64   -lx64-ucrt-ruby310  -lshell32 -lws2_32 -liphlpapi -limagehlp -lshlwapi -lbcrypt  "
In file included from C:/Ruby31-x64/include/ruby-3.1.0/ruby/win32.h:69,
                 from C:/Ruby31-x64/include/ruby-3.1.0/ruby/internal/dosish.h:38,
                 from C:/Ruby31-x64/include/ruby-3.1.0/ruby/defines.h:78,
                 from C:/Ruby31-x64/include/ruby-3.1.0/ruby/ruby.h:25,
                 from C:/Ruby31-x64/include/ruby-3.1.0/ruby.h:38,
                 from conftest.c:1:
conftest.c:18:13: error: expected identifier or '(' before '__builtin_choose_expr'
   18 | extern void isfinite();
      |             ^~~~~~~~
conftest.c:18:13: error: expected ')' before '==' token
   18 | extern void isfinite();
      |             ^~~~~~~~
conftest.c: In function 't':
conftest.c:19:15: error: expected expression before ')' token
   19 | int t(void) { isfinite(); return 0; }
      |               ^~~~~~~~
conftest.c:19:15: error: too few arguments to function '__fpclassify'
   19 | int t(void) { isfinite(); return 0; }
      |               ^~~~~~~~
C:/Ruby31-x64/msys64/ucrt64/include/math.h:433:28: note: declared here
  433 |   __CRT_INLINE int __cdecl __fpclassify (double x) {
      |                            ^~~~~~~~~~~~
conftest.c:19:15: error: too few arguments to function '__fpclassifyf'
   19 | int t(void) { isfinite(); return 0; }
      |               ^~~~~~~~
C:/Ruby31-x64/msys64/ucrt64/include/math.h:455:28: note: declared here
  455 |   __CRT_INLINE int __cdecl __fpclassifyf (float x) {
      |                            ^~~~~~~~~~~~~
conftest.c:19:15: error: too few arguments to function '__fpclassifyl'
   19 | int t(void) { isfinite(); return 0; }
      |               ^~~~~~~~
C:/Ruby31-x64/msys64/ucrt64/include/math.h:407:28: note: declared here
  407 |   __CRT_INLINE int __cdecl __fpclassifyl (long double x) {
      |                            ^~~~~~~~~~~~~
conftest.c:19:15: error: first argument to '__builtin_choose_expr' not a constant
   19 | int t(void) { isfinite(); return 0; }
      |               ^~~~~~~~
conftest.c:19:15: error: first argument to '__builtin_choose_expr' not a constant
   19 | int t(void) { isfinite(); return 0; }
      |               ^~~~~~~~
conftest.c:19:15: error: first argument to '__builtin_choose_expr' not a constant
   19 | int t(void) { isfinite(); return 0; }
      |               ^~~~~~~~
checked program was:
/* begin */
 1: #include "ruby.h"
 2: 
 3: #include <winsock2.h>
 4: #include <windows.h>
 5: #include <math.h>
 6: 
 7: /*top*/
 8: extern int t(void);
 9: int main(int argc, char **argv)
10: {
11:   if (argc > 1000000) {
12:     int (* volatile tp)(void)=(int (*)(void))&t;
13:     printf("%d", (*tp)());
14:   }
15: 
16:   return !!argv[argc];
17: }
18: extern void isfinite();
19: int t(void) { isfinite(); return 0; }
/* end */

--------------------

have_header: checking for ruby/atomic.h... -------------------- yes

PATH=".;C:/Ruby31-x64/lib;C:\Ruby31-x64\bin;C:\Ruby31-x64\msys64\ucrt64\bin;C:\Ruby31-x64\msys64\usr\bin;C:\Program Files\PowerShell\7;C:\Program Files (x86)\Common Files\Oracle\Java\java8path;C:\Program Files (x86)\Common Files\Oracle\Java\javapath;C:\Program Files (x86)\VMware\VMware Player\bin\;C:\Program Files (x86)\NVIDIA Corporation\PhysX\Common;C:\WINDOWS\system32;C:\WINDOWS;C:\WINDOWS\System32\Wbem;C:\WINDOWS\System32\WindowsPowerShell\v1.0\;C:\WINDOWS\System32\OpenSSH\;C:\ProgramData\chocolatey\bin;C:\Users\Dolly\AppData\Local\Packages\PythonSoftwareFoundation.Python.3.7_qbz5n2kfra8p0\LocalCache\local-packages\Python37\Scripts\;C:\Program Files (x86)\oh-my-posh\bin;C:\Program Files\dotnet\;C:\Program Files (x86)\GTK2-Runtime\bin;c:\Users\Dolly\AppData\Local\Programs\cursor\resources\app\bin;C:\Program Files\gs\gs10.01.2\bin;C:\Program Files (x86)\Heavyocity\Heavyocity Portal;C:\Program Files\Pandoc\;C:\Program Files\PowerShell\7\;C:\Program Files\gsudo\Current;C:\Program Files\nodejs\;C:\Program Files\Meld\;C:\Program Files\Git\cmd;C:\Users\Dolly\AppData\Local\Programs\Python\Python311\Scripts\;C:\Users\Dolly\AppData\Local\Programs\Python\Python311\;C:\Users\Dolly\AppData\Local\Programs\Python\Launcher\;C:\Ruby31-x64\bin;C:\Users\Dolly\scoop\shims;C:\Users\Dolly\AppData\Local\Microsoft\WindowsApps;C:\OSGeo4W\bin;C:\bin\osm2pgsql-bin;C:\bin\platform-tools;C:\Users\Dolly\AppData\Local\Programs\oh-my-posh\bin;C:\Users\Dolly\AppData\Local\Programs\Hyper\resources\bin;C:\Users\Dolly\AppData\Local\GitHubDesktop\bin;C:\Program Files\ImageMagick-7.1.1-Q16-HDRI;C:\Users\Dolly\AppData\Local\Microsoft\WinGet\Packages\jqlang.jq_Microsoft.Winget.Source_8wekyb3d8bbwe;C:\Program Files\snap\bin;C:\Users\Dolly\.dotnet\tools;C:\Program Files\Vim\vim90;C:\Users\Dolly\AppData\Roaming\npm;C:\Users\Dolly\AppData\Local\Programs\Microsoft VS Code Insiders\bin" "gcc -IC:/Ruby31-x64/include/ruby-3.1.0/x64-mingw-ucrt -IC:/Ruby31-x64/include/ruby-3.1.0/ruby/backward -IC:/Ruby31-x64/include/ruby-3.1.0 -I. -D__USE_MINGW_ANSI_STDIO=1 -DFD_SETSIZE=2048 -D_WIN32_WINNT=0x0600 -D__MINGW_USE_VC2005_COMPAT -D_FILE_OFFSET_BITS=64  -O3 -fno-fast-math -fstack-protector-strong -m64  -c conftest.c"
checked program was:
/* begin */
1: #include "ruby.h"
2: 
3: #include <winsock2.h>
4: #include <windows.h>
5: #include <ruby/atomic.h>
/* end */

--------------------

have_header: checking for ruby/internal/has/builtin.h... -------------------- yes

PATH=".;C:/Ruby31-x64/lib;C:\Ruby31-x64\bin;C:\Ruby31-x64\msys64\ucrt64\bin;C:\Ruby31-x64\msys64\usr\bin;C:\Program Files\PowerShell\7;C:\Program Files (x86)\Common Files\Oracle\Java\java8path;C:\Program Files (x86)\Common Files\Oracle\Java\javapath;C:\Program Files (x86)\VMware\VMware Player\bin\;C:\Program Files (x86)\NVIDIA Corporation\PhysX\Common;C:\WINDOWS\system32;C:\WINDOWS;C:\WINDOWS\System32\Wbem;C:\WINDOWS\System32\WindowsPowerShell\v1.0\;C:\WINDOWS\System32\OpenSSH\;C:\ProgramData\chocolatey\bin;C:\Users\Dolly\AppData\Local\Packages\PythonSoftwareFoundation.Python.3.7_qbz5n2kfra8p0\LocalCache\local-packages\Python37\Scripts\;C:\Program Files (x86)\oh-my-posh\bin;C:\Program Files\dotnet\;C:\Program Files (x86)\GTK2-Runtime\bin;c:\Users\Dolly\AppData\Local\Programs\cursor\resources\app\bin;C:\Program Files\gs\gs10.01.2\bin;C:\Program Files (x86)\Heavyocity\Heavyocity Portal;C:\Program Files\Pandoc\;C:\Program Files\PowerShell\7\;C:\Program Files\gsudo\Current;C:\Program Files\nodejs\;C:\Program Files\Meld\;C:\Program Files\Git\cmd;C:\Users\Dolly\AppData\Local\Programs\Python\Python311\Scripts\;C:\Users\Dolly\AppData\Local\Programs\Python\Python311\;C:\Users\Dolly\AppData\Local\Programs\Python\Launcher\;C:\Ruby31-x64\bin;C:\Users\Dolly\scoop\shims;C:\Users\Dolly\AppData\Local\Microsoft\WindowsApps;C:\OSGeo4W\bin;C:\bin\osm2pgsql-bin;C:\bin\platform-tools;C:\Users\Dolly\AppData\Local\Programs\oh-my-posh\bin;C:\Users\Dolly\AppData\Local\Programs\Hyper\resources\bin;C:\Users\Dolly\AppData\Local\GitHubDesktop\bin;C:\Program Files\ImageMagick-7.1.1-Q16-HDRI;C:\Users\Dolly\AppData\Local\Microsoft\WinGet\Packages\jqlang.jq_Microsoft.Winget.Source_8wekyb3d8bbwe;C:\Program Files\snap\bin;C:\Users\Dolly\.dotnet\tools;C:\Program Files\Vim\vim90;C:\Users\Dolly\AppData\Roaming\npm;C:\Users\Dolly\AppData\Local\Programs\Microsoft VS Code Insiders\bin" "gcc -IC:/Ruby31-x64/include/ruby-3.1.0/x64-mingw-ucrt -IC:/Ruby31-x64/include/ruby-3.1.0/ruby/backward -IC:/Ruby31-x64/include/ruby-3.1.0 -I. -D__USE_MINGW_ANSI_STDIO=1 -DFD_SETSIZE=2048 -D_WIN32_WINNT=0x0600 -D__MINGW_USE_VC2005_COMPAT -D_FILE_OFFSET_BITS=64  -O3 -fno-fast-math -fstack-protector-strong -m64  -c conftest.c"
checked program was:
/* begin */
1: #include "ruby.h"
2: 
3: #include <winsock2.h>
4: #include <windows.h>
5: #include <ruby/internal/has/builtin.h>
/* end */

--------------------

have_header: checking for ruby/internal/static_assert.h... -------------------- yes

PATH=".;C:/Ruby31-x64/lib;C:\Ruby31-x64\bin;C:\Ruby31-x64\msys64\ucrt64\bin;C:\Ruby31-x64\msys64\usr\bin;C:\Program Files\PowerShell\7;C:\Program Files (x86)\Common Files\Oracle\Java\java8path;C:\Program Files (x86)\Common Files\Oracle\Java\javapath;C:\Program Files (x86)\VMware\VMware Player\bin\;C:\Program Files (x86)\NVIDIA Corporation\PhysX\Common;C:\WINDOWS\system32;C:\WINDOWS;C:\WINDOWS\System32\Wbem;C:\WINDOWS\System32\WindowsPowerShell\v1.0\;C:\WINDOWS\System32\OpenSSH\;C:\ProgramData\chocolatey\bin;C:\Users\Dolly\AppData\Local\Packages\PythonSoftwareFoundation.Python.3.7_qbz5n2kfra8p0\LocalCache\local-packages\Python37\Scripts\;C:\Program Files (x86)\oh-my-posh\bin;C:\Program Files\dotnet\;C:\Program Files (x86)\GTK2-Runtime\bin;c:\Users\Dolly\AppData\Local\Programs\cursor\resources\app\bin;C:\Program Files\gs\gs10.01.2\bin;C:\Program Files (x86)\Heavyocity\Heavyocity Portal;C:\Program Files\Pandoc\;C:\Program Files\PowerShell\7\;C:\Program Files\gsudo\Current;C:\Program Files\nodejs\;C:\Program Files\Meld\;C:\Program Files\Git\cmd;C:\Users\Dolly\AppData\Local\Programs\Python\Python311\Scripts\;C:\Users\Dolly\AppData\Local\Programs\Python\Python311\;C:\Users\Dolly\AppData\Local\Programs\Python\Launcher\;C:\Ruby31-x64\bin;C:\Users\Dolly\scoop\shims;C:\Users\Dolly\AppData\Local\Microsoft\WindowsApps;C:\OSGeo4W\bin;C:\bin\osm2pgsql-bin;C:\bin\platform-tools;C:\Users\Dolly\AppData\Local\Programs\oh-my-posh\bin;C:\Users\Dolly\AppData\Local\Programs\Hyper\resources\bin;C:\Users\Dolly\AppData\Local\GitHubDesktop\bin;C:\Program Files\ImageMagick-7.1.1-Q16-HDRI;C:\Users\Dolly\AppData\Local\Microsoft\WinGet\Packages\jqlang.jq_Microsoft.Winget.Source_8wekyb3d8bbwe;C:\Program Files\snap\bin;C:\Users\Dolly\.dotnet\tools;C:\Program Files\Vim\vim90;C:\Users\Dolly\AppData\Roaming\npm;C:\Users\Dolly\AppData\Local\Programs\Microsoft VS Code Insiders\bin" "gcc -IC:/Ruby31-x64/include/ruby-3.1.0/x64-mingw-ucrt -IC:/Ruby31-x64/include/ruby-3.1.0/ruby/backward -IC:/Ruby31-x64/include/ruby-3.1.0 -I. -D__USE_MINGW_ANSI_STDIO=1 -DFD_SETSIZE=2048 -D_WIN32_WINNT=0x0600 -D__MINGW_USE_VC2005_COMPAT -D_FILE_OFFSET_BITS=64  -O3 -fno-fast-math -fstack-protector-strong -m64  -c conftest.c"
checked program was:
/* begin */
1: #include "ruby.h"
2: 
3: #include <winsock2.h>
4: #include <windows.h>
5: #include <ruby/internal/static_assert.h>
/* end */

--------------------

have_func: checking for rb_rational_num() in ruby.h... -------------------- yes

PATH=".;C:/Ruby31-x64/lib;C:\Ruby31-x64\bin;C:\Ruby31-x64\msys64\ucrt64\bin;C:\Ruby31-x64\msys64\usr\bin;C:\Program Files\PowerShell\7;C:\Program Files (x86)\Common Files\Oracle\Java\java8path;C:\Program Files (x86)\Common Files\Oracle\Java\javapath;C:\Program Files (x86)\VMware\VMware Player\bin\;C:\Program Files (x86)\NVIDIA Corporation\PhysX\Common;C:\WINDOWS\system32;C:\WINDOWS;C:\WINDOWS\System32\Wbem;C:\WINDOWS\System32\WindowsPowerShell\v1.0\;C:\WINDOWS\System32\OpenSSH\;C:\ProgramData\chocolatey\bin;C:\Users\Dolly\AppData\Local\Packages\PythonSoftwareFoundation.Python.3.7_qbz5n2kfra8p0\LocalCache\local-packages\Python37\Scripts\;C:\Program Files (x86)\oh-my-posh\bin;C:\Program Files\dotnet\;C:\Program Files (x86)\GTK2-Runtime\bin;c:\Users\Dolly\AppData\Local\Programs\cursor\resources\app\bin;C:\Program Files\gs\gs10.01.2\bin;C:\Program Files (x86)\Heavyocity\Heavyocity Portal;C:\Program Files\Pandoc\;C:\Program Files\PowerShell\7\;C:\Program Files\gsudo\Current;C:\Program Files\nodejs\;C:\Program Files\Meld\;C:\Program Files\Git\cmd;C:\Users\Dolly\AppData\Local\Programs\Python\Python311\Scripts\;C:\Users\Dolly\AppData\Local\Programs\Python\Python311\;C:\Users\Dolly\AppData\Local\Programs\Python\Launcher\;C:\Ruby31-x64\bin;C:\Users\Dolly\scoop\shims;C:\Users\Dolly\AppData\Local\Microsoft\WindowsApps;C:\OSGeo4W\bin;C:\bin\osm2pgsql-bin;C:\bin\platform-tools;C:\Users\Dolly\AppData\Local\Programs\oh-my-posh\bin;C:\Users\Dolly\AppData\Local\Programs\Hyper\resources\bin;C:\Users\Dolly\AppData\Local\GitHubDesktop\bin;C:\Program Files\ImageMagick-7.1.1-Q16-HDRI;C:\Users\Dolly\AppData\Local\Microsoft\WinGet\Packages\jqlang.jq_Microsoft.Winget.Source_8wekyb3d8bbwe;C:\Program Files\snap\bin;C:\Users\Dolly\.dotnet\tools;C:\Program Files\Vim\vim90;C:\Users\Dolly\AppData\Roaming\npm;C:\Users\Dolly\AppData\Local\Programs\Microsoft VS Code Insiders\bin" "gcc -o conftest.exe -IC:/Ruby31-x64/include/ruby-3.1.0/x64-mingw-ucrt -IC:/Ruby31-x64/include/ruby-3.1.0/ruby/backward -IC:/Ruby31-x64/include/ruby-3.1.0 -I. -D__USE_MINGW_ANSI_STDIO=1 -DFD_SETSIZE=2048 -D_WIN32_WINNT=0x0600 -D__MINGW_USE_VC2005_COMPAT -D_FILE_OFFSET_BITS=64  -O3 -fno-fast-math -fstack-protector-strong conftest.c  -L. -LC:/Ruby31-x64/lib -L. -pipe -s -fstack-protector-strong -Wl,--no-as-needed  -m64   -lx64-ucrt-ruby310  -lshell32 -lws2_32 -liphlpapi -limagehlp -lshlwapi -lbcrypt  "
checked program was:
/* begin */
 1: #include "ruby.h"
 2: 
 3: #include <winsock2.h>
 4: #include <windows.h>
 5: #include <ruby.h>
 6: 
 7: /*top*/
 8: extern int t(void);
 9: int main(int argc, char **argv)
10: {
11:   if (argc > 1000000) {
12:     int (* volatile tp)(void)=(int (*)(void))&t;
13:     printf("%d", (*tp)());
14:   }
15: 
16:   return !!argv[argc];
17: }
18: int t(void) { void ((*volatile p)()); p = (void ((*)()))rb_rational_num; return !p; }
/* end */

--------------------

have_func: checking for rb_rational_den() in ruby.h... -------------------- yes

PATH=".;C:/Ruby31-x64/lib;C:\Ruby31-x64\bin;C:\Ruby31-x64\msys64\ucrt64\bin;C:\Ruby31-x64\msys64\usr\bin;C:\Program Files\PowerShell\7;C:\Program Files (x86)\Common Files\Oracle\Java\java8path;C:\Program Files (x86)\Common Files\Oracle\Java\javapath;C:\Program Files (x86)\VMware\VMware Player\bin\;C:\Program Files (x86)\NVIDIA Corporation\PhysX\Common;C:\WINDOWS\system32;C:\WINDOWS;C:\WINDOWS\System32\Wbem;C:\WINDOWS\System32\WindowsPowerShell\v1.0\;C:\WINDOWS\System32\OpenSSH\;C:\ProgramData\chocolatey\bin;C:\Users\Dolly\AppData\Local\Packages\PythonSoftwareFoundation.Python.3.7_qbz5n2kfra8p0\LocalCache\local-packages\Python37\Scripts\;C:\Program Files (x86)\oh-my-posh\bin;C:\Program Files\dotnet\;C:\Program Files (x86)\GTK2-Runtime\bin;c:\Users\Dolly\AppData\Local\Programs\cursor\resources\app\bin;C:\Program Files\gs\gs10.01.2\bin;C:\Program Files (x86)\Heavyocity\Heavyocity Portal;C:\Program Files\Pandoc\;C:\Program Files\PowerShell\7\;C:\Program Files\gsudo\Current;C:\Program Files\nodejs\;C:\Program Files\Meld\;C:\Program Files\Git\cmd;C:\Users\Dolly\AppData\Local\Programs\Python\Python311\Scripts\;C:\Users\Dolly\AppData\Local\Programs\Python\Python311\;C:\Users\Dolly\AppData\Local\Programs\Python\Launcher\;C:\Ruby31-x64\bin;C:\Users\Dolly\scoop\shims;C:\Users\Dolly\AppData\Local\Microsoft\WindowsApps;C:\OSGeo4W\bin;C:\bin\osm2pgsql-bin;C:\bin\platform-tools;C:\Users\Dolly\AppData\Local\Programs\oh-my-posh\bin;C:\Users\Dolly\AppData\Local\Programs\Hyper\resources\bin;C:\Users\Dolly\AppData\Local\GitHubDesktop\bin;C:\Program Files\ImageMagick-7.1.1-Q16-HDRI;C:\Users\Dolly\AppData\Local\Microsoft\WinGet\Packages\jqlang.jq_Microsoft.Winget.Source_8wekyb3d8bbwe;C:\Program Files\snap\bin;C:\Users\Dolly\.dotnet\tools;C:\Program Files\Vim\vim90;C:\Users\Dolly\AppData\Roaming\npm;C:\Users\Dolly\AppData\Local\Programs\Microsoft VS Code Insiders\bin" "gcc -o conftest.exe -IC:/Ruby31-x64/include/ruby-3.1.0/x64-mingw-ucrt -IC:/Ruby31-x64/include/ruby-3.1.0/ruby/backward -IC:/Ruby31-x64/include/ruby-3.1.0 -I. -D__USE_MINGW_ANSI_STDIO=1 -DFD_SETSIZE=2048 -D_WIN32_WINNT=0x0600 -D__MINGW_USE_VC2005_COMPAT -D_FILE_OFFSET_BITS=64  -O3 -fno-fast-math -fstack-protector-strong conftest.c  -L. -LC:/Ruby31-x64/lib -L. -pipe -s -fstack-protector-strong -Wl,--no-as-needed  -m64   -lx64-ucrt-ruby310  -lshell32 -lws2_32 -liphlpapi -limagehlp -lshlwapi -lbcrypt  "
checked program was:
/* begin */
 1: #include "ruby.h"
 2: 
 3: #include <winsock2.h>
 4: #include <windows.h>
 5: #include <ruby.h>
 6: 
 7: /*top*/
 8: extern int t(void);
 9: int main(int argc, char **argv)
10: {
11:   if (argc > 1000000) {
12:     int (* volatile tp)(void)=(int (*)(void))&t;
13:     printf("%d", (*tp)());
14:   }
15: 
16:   return !!argv[argc];
17: }
18: int t(void) { void ((*volatile p)()); p = (void ((*)()))rb_rational_den; return !p; }
/* end */

--------------------

have_func: checking for rb_complex_real() in ruby.h... -------------------- yes

PATH=".;C:/Ruby31-x64/lib;C:\Ruby31-x64\bin;C:\Ruby31-x64\msys64\ucrt64\bin;C:\Ruby31-x64\msys64\usr\bin;C:\Program Files\PowerShell\7;C:\Program Files (x86)\Common Files\Oracle\Java\java8path;C:\Program Files (x86)\Common Files\Oracle\Java\javapath;C:\Program Files (x86)\VMware\VMware Player\bin\;C:\Program Files (x86)\NVIDIA Corporation\PhysX\Common;C:\WINDOWS\system32;C:\WINDOWS;C:\WINDOWS\System32\Wbem;C:\WINDOWS\System32\WindowsPowerShell\v1.0\;C:\WINDOWS\System32\OpenSSH\;C:\ProgramData\chocolatey\bin;C:\Users\Dolly\AppData\Local\Packages\PythonSoftwareFoundation.Python.3.7_qbz5n2kfra8p0\LocalCache\local-packages\Python37\Scripts\;C:\Program Files (x86)\oh-my-posh\bin;C:\Program Files\dotnet\;C:\Program Files (x86)\GTK2-Runtime\bin;c:\Users\Dolly\AppData\Local\Programs\cursor\resources\app\bin;C:\Program Files\gs\gs10.01.2\bin;C:\Program Files (x86)\Heavyocity\Heavyocity Portal;C:\Program Files\Pandoc\;C:\Program Files\PowerShell\7\;C:\Program Files\gsudo\Current;C:\Program Files\nodejs\;C:\Program Files\Meld\;C:\Program Files\Git\cmd;C:\Users\Dolly\AppData\Local\Programs\Python\Python311\Scripts\;C:\Users\Dolly\AppData\Local\Programs\Python\Python311\;C:\Users\Dolly\AppData\Local\Programs\Python\Launcher\;C:\Ruby31-x64\bin;C:\Users\Dolly\scoop\shims;C:\Users\Dolly\AppData\Local\Microsoft\WindowsApps;C:\OSGeo4W\bin;C:\bin\osm2pgsql-bin;C:\bin\platform-tools;C:\Users\Dolly\AppData\Local\Programs\oh-my-posh\bin;C:\Users\Dolly\AppData\Local\Programs\Hyper\resources\bin;C:\Users\Dolly\AppData\Local\GitHubDesktop\bin;C:\Program Files\ImageMagick-7.1.1-Q16-HDRI;C:\Users\Dolly\AppData\Local\Microsoft\WinGet\Packages\jqlang.jq_Microsoft.Winget.Source_8wekyb3d8bbwe;C:\Program Files\snap\bin;C:\Users\Dolly\.dotnet\tools;C:\Program Files\Vim\vim90;C:\Users\Dolly\AppData\Roaming\npm;C:\Users\Dolly\AppData\Local\Programs\Microsoft VS Code Insiders\bin" "gcc -o conftest.exe -IC:/Ruby31-x64/include/ruby-3.1.0/x64-mingw-ucrt -IC:/Ruby31-x64/include/ruby-3.1.0/ruby/backward -IC:/Ruby31-x64/include/ruby-3.1.0 -I. -D__USE_MINGW_ANSI_STDIO=1 -DFD_SETSIZE=2048 -D_WIN32_WINNT=0x0600 -D__MINGW_USE_VC2005_COMPAT -D_FILE_OFFSET_BITS=64  -O3 -fno-fast-math -fstack-protector-strong conftest.c  -L. -LC:/Ruby31-x64/lib -L. -pipe -s -fstack-protector-strong -Wl,--no-as-needed  -m64   -lx64-ucrt-ruby310  -lshell32 -lws2_32 -liphlpapi -limagehlp -lshlwapi -lbcrypt  "
checked program was:
/* begin */
 1: #include "ruby.h"
 2: 
 3: #include <winsock2.h>
 4: #include <windows.h>
 5: #include <ruby.h>
 6: 
 7: /*top*/
 8: extern int t(void);
 9: int main(int argc, char **argv)
10: {
11:   if (argc > 1000000) {
12:     int (* volatile tp)(void)=(int (*)(void))&t;
13:     printf("%d", (*tp)());
14:   }
15: 
16:   return !!argv[argc];
17: }
18: int t(void) { void ((*volatile p)()); p = (void ((*)()))rb_complex_real; return !p; }
/* end */

--------------------

have_func: checking for rb_complex_imag() in ruby.h... -------------------- yes

PATH=".;C:/Ruby31-x64/lib;C:\Ruby31-x64\bin;C:\Ruby31-x64\msys64\ucrt64\bin;C:\Ruby31-x64\msys64\usr\bin;C:\Program Files\PowerShell\7;C:\Program Files (x86)\Common Files\Oracle\Java\java8path;C:\Program Files (x86)\Common Files\Oracle\Java\javapath;C:\Program Files (x86)\VMware\VMware Player\bin\;C:\Program Files (x86)\NVIDIA Corporation\PhysX\Common;C:\WINDOWS\system32;C:\WINDOWS;C:\WINDOWS\System32\Wbem;C:\WINDOWS\System32\WindowsPowerShell\v1.0\;C:\WINDOWS\System32\OpenSSH\;C:\ProgramData\chocolatey\bin;C:\Users\Dolly\AppData\Local\Packages\PythonSoftwareFoundation.Python.3.7_qbz5n2kfra8p0\LocalCache\local-packages\Python37\Scripts\;C:\Program Files (x86)\oh-my-posh\bin;C:\Program Files\dotnet\;C:\Program Files (x86)\GTK2-Runtime\bin;c:\Users\Dolly\AppData\Local\Programs\cursor\resources\app\bin;C:\Program Files\gs\gs10.01.2\bin;C:\Program Files (x86)\Heavyocity\Heavyocity Portal;C:\Program Files\Pandoc\;C:\Program Files\PowerShell\7\;C:\Program Files\gsudo\Current;C:\Program Files\nodejs\;C:\Program Files\Meld\;C:\Program Files\Git\cmd;C:\Users\Dolly\AppData\Local\Programs\Python\Python311\Scripts\;C:\Users\Dolly\AppData\Local\Programs\Python\Python311\;C:\Users\Dolly\AppData\Local\Programs\Python\Launcher\;C:\Ruby31-x64\bin;C:\Users\Dolly\scoop\shims;C:\Users\Dolly\AppData\Local\Microsoft\WindowsApps;C:\OSGeo4W\bin;C:\bin\osm2pgsql-bin;C:\bin\platform-tools;C:\Users\Dolly\AppData\Local\Programs\oh-my-posh\bin;C:\Users\Dolly\AppData\Local\Programs\Hyper\resources\bin;C:\Users\Dolly\AppData\Local\GitHubDesktop\bin;C:\Program Files\ImageMagick-7.1.1-Q16-HDRI;C:\Users\Dolly\AppData\Local\Microsoft\WinGet\Packages\jqlang.jq_Microsoft.Winget.Source_8wekyb3d8bbwe;C:\Program Files\snap\bin;C:\Users\Dolly\.dotnet\tools;C:\Program Files\Vim\vim90;C:\Users\Dolly\AppData\Roaming\npm;C:\Users\Dolly\AppData\Local\Programs\Microsoft VS Code Insiders\bin" "gcc -o conftest.exe -IC:/Ruby31-x64/include/ruby-3.1.0/x64-mingw-ucrt -IC:/Ruby31-x64/include/ruby-3.1.0/ruby/backward -IC:/Ruby31-x64/include/ruby-3.1.0 -I. -D__USE_MINGW_ANSI_STDIO=1 -DFD_SETSIZE=2048 -D_WIN32_WINNT=0x0600 -D__MINGW_USE_VC2005_COMPAT -D_FILE_OFFSET_BITS=64  -O3 -fno-fast-math -fstack-protector-strong conftest.c  -L. -LC:/Ruby31-x64/lib -L. -pipe -s -fstack-protector-strong -Wl,--no-as-needed  -m64   -lx64-ucrt-ruby310  -lshell32 -lws2_32 -liphlpapi -limagehlp -lshlwapi -lbcrypt  "
checked program was:
/* begin */
 1: #include "ruby.h"
 2: 
 3: #include <winsock2.h>
 4: #include <windows.h>
 5: #include <ruby.h>
 6: 
 7: /*top*/
 8: extern int t(void);
 9: int main(int argc, char **argv)
10: {
11:   if (argc > 1000000) {
12:     int (* volatile tp)(void)=(int (*)(void))&t;
13:     printf("%d", (*tp)());
14:   }
15: 
16:   return !!argv[argc];
17: }
18: int t(void) { void ((*volatile p)()); p = (void ((*)()))rb_complex_imag; return !p; }
/* end */

--------------------

have_func: checking for rb_opts_exception_p() in ruby.h... -------------------- yes

PATH=".;C:/Ruby31-x64/lib;C:\Ruby31-x64\bin;C:\Ruby31-x64\msys64\ucrt64\bin;C:\Ruby31-x64\msys64\usr\bin;C:\Program Files\PowerShell\7;C:\Program Files (x86)\Common Files\Oracle\Java\java8path;C:\Program Files (x86)\Common Files\Oracle\Java\javapath;C:\Program Files (x86)\VMware\VMware Player\bin\;C:\Program Files (x86)\NVIDIA Corporation\PhysX\Common;C:\WINDOWS\system32;C:\WINDOWS;C:\WINDOWS\System32\Wbem;C:\WINDOWS\System32\WindowsPowerShell\v1.0\;C:\WINDOWS\System32\OpenSSH\;C:\ProgramData\chocolatey\bin;C:\Users\Dolly\AppData\Local\Packages\PythonSoftwareFoundation.Python.3.7_qbz5n2kfra8p0\LocalCache\local-packages\Python37\Scripts\;C:\Program Files (x86)\oh-my-posh\bin;C:\Program Files\dotnet\;C:\Program Files (x86)\GTK2-Runtime\bin;c:\Users\Dolly\AppData\Local\Programs\cursor\resources\app\bin;C:\Program Files\gs\gs10.01.2\bin;C:\Program Files (x86)\Heavyocity\Heavyocity Portal;C:\Program Files\Pandoc\;C:\Program Files\PowerShell\7\;C:\Program Files\gsudo\Current;C:\Program Files\nodejs\;C:\Program Files\Meld\;C:\Program Files\Git\cmd;C:\Users\Dolly\AppData\Local\Programs\Python\Python311\Scripts\;C:\Users\Dolly\AppData\Local\Programs\Python\Python311\;C:\Users\Dolly\AppData\Local\Programs\Python\Launcher\;C:\Ruby31-x64\bin;C:\Users\Dolly\scoop\shims;C:\Users\Dolly\AppData\Local\Microsoft\WindowsApps;C:\OSGeo4W\bin;C:\bin\osm2pgsql-bin;C:\bin\platform-tools;C:\Users\Dolly\AppData\Local\Programs\oh-my-posh\bin;C:\Users\Dolly\AppData\Local\Programs\Hyper\resources\bin;C:\Users\Dolly\AppData\Local\GitHubDesktop\bin;C:\Program Files\ImageMagick-7.1.1-Q16-HDRI;C:\Users\Dolly\AppData\Local\Microsoft\WinGet\Packages\jqlang.jq_Microsoft.Winget.Source_8wekyb3d8bbwe;C:\Program Files\snap\bin;C:\Users\Dolly\.dotnet\tools;C:\Program Files\Vim\vim90;C:\Users\Dolly\AppData\Roaming\npm;C:\Users\Dolly\AppData\Local\Programs\Microsoft VS Code Insiders\bin" "gcc -o conftest.exe -IC:/Ruby31-x64/include/ruby-3.1.0/x64-mingw-ucrt -IC:/Ruby31-x64/include/ruby-3.1.0/ruby/backward -IC:/Ruby31-x64/include/ruby-3.1.0 -I. -D__USE_MINGW_ANSI_STDIO=1 -DFD_SETSIZE=2048 -D_WIN32_WINNT=0x0600 -D__MINGW_USE_VC2005_COMPAT -D_FILE_OFFSET_BITS=64  -O3 -fno-fast-math -fstack-protector-strong conftest.c  -L. -LC:/Ruby31-x64/lib -L. -pipe -s -fstack-protector-strong -Wl,--no-as-needed  -m64   -lx64-ucrt-ruby310  -lshell32 -lws2_32 -liphlpapi -limagehlp -lshlwapi -lbcrypt  "
conftest.c: In function 't':
conftest.c:18:57: error: 'rb_opts_exception_p' undeclared (first use in this function); did you mean 'rb_make_exception'?
   18 | int t(void) { void ((*volatile p)()); p = (void ((*)()))rb_opts_exception_p; return !p; }
      |                                                         ^~~~~~~~~~~~~~~~~~~
      |                                                         rb_make_exception
conftest.c:18:57: note: each undeclared identifier is reported only once for each function it appears in
checked program was:
/* begin */
 1: #include "ruby.h"
 2: 
 3: #include <winsock2.h>
 4: #include <windows.h>
 5: #include <ruby.h>
 6: 
 7: /*top*/
 8: extern int t(void);
 9: int main(int argc, char **argv)
10: {
11:   if (argc > 1000000) {
12:     int (* volatile tp)(void)=(int (*)(void))&t;
13:     printf("%d", (*tp)());
14:   }
15: 
16:   return !!argv[argc];
17: }
18: int t(void) { void ((*volatile p)()); p = (void ((*)()))rb_opts_exception_p; return !p; }
/* end */

PATH=".;C:/Ruby31-x64/lib;C:\Ruby31-x64\bin;C:\Ruby31-x64\msys64\ucrt64\bin;C:\Ruby31-x64\msys64\usr\bin;C:\Program Files\PowerShell\7;C:\Program Files (x86)\Common Files\Oracle\Java\java8path;C:\Program Files (x86)\Common Files\Oracle\Java\javapath;C:\Program Files (x86)\VMware\VMware Player\bin\;C:\Program Files (x86)\NVIDIA Corporation\PhysX\Common;C:\WINDOWS\system32;C:\WINDOWS;C:\WINDOWS\System32\Wbem;C:\WINDOWS\System32\WindowsPowerShell\v1.0\;C:\WINDOWS\System32\OpenSSH\;C:\ProgramData\chocolatey\bin;C:\Users\Dolly\AppData\Local\Packages\PythonSoftwareFoundation.Python.3.7_qbz5n2kfra8p0\LocalCache\local-packages\Python37\Scripts\;C:\Program Files (x86)\oh-my-posh\bin;C:\Program Files\dotnet\;C:\Program Files (x86)\GTK2-Runtime\bin;c:\Users\Dolly\AppData\Local\Programs\cursor\resources\app\bin;C:\Program Files\gs\gs10.01.2\bin;C:\Program Files (x86)\Heavyocity\Heavyocity Portal;C:\Program Files\Pandoc\;C:\Program Files\PowerShell\7\;C:\Program Files\gsudo\Current;C:\Program Files\nodejs\;C:\Program Files\Meld\;C:\Program Files\Git\cmd;C:\Users\Dolly\AppData\Local\Programs\Python\Python311\Scripts\;C:\Users\Dolly\AppData\Local\Programs\Python\Python311\;C:\Users\Dolly\AppData\Local\Programs\Python\Launcher\;C:\Ruby31-x64\bin;C:\Users\Dolly\scoop\shims;C:\Users\Dolly\AppData\Local\Microsoft\WindowsApps;C:\OSGeo4W\bin;C:\bin\osm2pgsql-bin;C:\bin\platform-tools;C:\Users\Dolly\AppData\Local\Programs\oh-my-posh\bin;C:\Users\Dolly\AppData\Local\Programs\Hyper\resources\bin;C:\Users\Dolly\AppData\Local\GitHubDesktop\bin;C:\Program Files\ImageMagick-7.1.1-Q16-HDRI;C:\Users\Dolly\AppData\Local\Microsoft\WinGet\Packages\jqlang.jq_Microsoft.Winget.Source_8wekyb3d8bbwe;C:\Program Files\snap\bin;C:\Users\Dolly\.dotnet\tools;C:\Program Files\Vim\vim90;C:\Users\Dolly\AppData\Roaming\npm;C:\Users\Dolly\AppData\Local\Programs\Microsoft VS Code Insiders\bin" "gcc -o conftest.exe -IC:/Ruby31-x64/include/ruby-3.1.0/x64-mingw-ucrt -IC:/Ruby31-x64/include/ruby-3.1.0/ruby/backward -IC:/Ruby31-x64/include/ruby-3.1.0 -I. -D__USE_MINGW_ANSI_STDIO=1 -DFD_SETSIZE=2048 -D_WIN32_WINNT=0x0600 -D__MINGW_USE_VC2005_COMPAT -D_FILE_OFFSET_BITS=64  -O3 -fno-fast-math -fstack-protector-strong conftest.c  -L. -LC:/Ruby31-x64/lib -L. -pipe -s -fstack-protector-strong -Wl,--no-as-needed  -m64   -lx64-ucrt-ruby310  -lshell32 -lws2_32 -liphlpapi -limagehlp -lshlwapi -lbcrypt  "
checked program was:
/* begin */
 1: #include "ruby.h"
 2: 
 3: #include <winsock2.h>
 4: #include <windows.h>
 5: #include <ruby.h>
 6: 
 7: /*top*/
 8: extern int t(void);
 9: int main(int argc, char **argv)
10: {
11:   if (argc > 1000000) {
12:     int (* volatile tp)(void)=(int (*)(void))&t;
13:     printf("%d", (*tp)());
14:   }
15: 
16:   return !!argv[argc];
17: }
18: extern void rb_opts_exception_p();
19: int t(void) { rb_opts_exception_p(); return 0; }
/* end */

--------------------

have_func: checking for rb_category_warn() in ruby.h... -------------------- yes

PATH=".;C:/Ruby31-x64/lib;C:\Ruby31-x64\bin;C:\Ruby31-x64\msys64\ucrt64\bin;C:\Ruby31-x64\msys64\usr\bin;C:\Program Files\PowerShell\7;C:\Program Files (x86)\Common Files\Oracle\Java\java8path;C:\Program Files (x86)\Common Files\Oracle\Java\javapath;C:\Program Files (x86)\VMware\VMware Player\bin\;C:\Program Files (x86)\NVIDIA Corporation\PhysX\Common;C:\WINDOWS\system32;C:\WINDOWS;C:\WINDOWS\System32\Wbem;C:\WINDOWS\System32\WindowsPowerShell\v1.0\;C:\WINDOWS\System32\OpenSSH\;C:\ProgramData\chocolatey\bin;C:\Users\Dolly\AppData\Local\Packages\PythonSoftwareFoundation.Python.3.7_qbz5n2kfra8p0\LocalCache\local-packages\Python37\Scripts\;C:\Program Files (x86)\oh-my-posh\bin;C:\Program Files\dotnet\;C:\Program Files (x86)\GTK2-Runtime\bin;c:\Users\Dolly\AppData\Local\Programs\cursor\resources\app\bin;C:\Program Files\gs\gs10.01.2\bin;C:\Program Files (x86)\Heavyocity\Heavyocity Portal;C:\Program Files\Pandoc\;C:\Program Files\PowerShell\7\;C:\Program Files\gsudo\Current;C:\Program Files\nodejs\;C:\Program Files\Meld\;C:\Program Files\Git\cmd;C:\Users\Dolly\AppData\Local\Programs\Python\Python311\Scripts\;C:\Users\Dolly\AppData\Local\Programs\Python\Python311\;C:\Users\Dolly\AppData\Local\Programs\Python\Launcher\;C:\Ruby31-x64\bin;C:\Users\Dolly\scoop\shims;C:\Users\Dolly\AppData\Local\Microsoft\WindowsApps;C:\OSGeo4W\bin;C:\bin\osm2pgsql-bin;C:\bin\platform-tools;C:\Users\Dolly\AppData\Local\Programs\oh-my-posh\bin;C:\Users\Dolly\AppData\Local\Programs\Hyper\resources\bin;C:\Users\Dolly\AppData\Local\GitHubDesktop\bin;C:\Program Files\ImageMagick-7.1.1-Q16-HDRI;C:\Users\Dolly\AppData\Local\Microsoft\WinGet\Packages\jqlang.jq_Microsoft.Winget.Source_8wekyb3d8bbwe;C:\Program Files\snap\bin;C:\Users\Dolly\.dotnet\tools;C:\Program Files\Vim\vim90;C:\Users\Dolly\AppData\Roaming\npm;C:\Users\Dolly\AppData\Local\Programs\Microsoft VS Code Insiders\bin" "gcc -o conftest.exe -IC:/Ruby31-x64/include/ruby-3.1.0/x64-mingw-ucrt -IC:/Ruby31-x64/include/ruby-3.1.0/ruby/backward -IC:/Ruby31-x64/include/ruby-3.1.0 -I. -D__USE_MINGW_ANSI_STDIO=1 -DFD_SETSIZE=2048 -D_WIN32_WINNT=0x0600 -D__MINGW_USE_VC2005_COMPAT -D_FILE_OFFSET_BITS=64  -O3 -fno-fast-math -fstack-protector-strong conftest.c  -L. -LC:/Ruby31-x64/lib -L. -pipe -s -fstack-protector-strong -Wl,--no-as-needed  -m64   -lx64-ucrt-ruby310  -lshell32 -lws2_32 -liphlpapi -limagehlp -lshlwapi -lbcrypt  "
checked program was:
/* begin */
 1: #include "ruby.h"
 2: 
 3: #include <winsock2.h>
 4: #include <windows.h>
 5: #include <ruby.h>
 6: 
 7: /*top*/
 8: extern int t(void);
 9: int main(int argc, char **argv)
10: {
11:   if (argc > 1000000) {
12:     int (* volatile tp)(void)=(int (*)(void))&t;
13:     printf("%d", (*tp)());
14:   }
15: 
16:   return !!argv[argc];
17: }
18: int t(void) { void ((*volatile p)()); p = (void ((*)()))rb_category_warn; return !p; }
/* end */

--------------------

have_const: checking for RB_WARN_CATEGORY_DEPRECATED in ruby.h... -------------------- yes

PATH=".;C:/Ruby31-x64/lib;C:\Ruby31-x64\bin;C:\Ruby31-x64\msys64\ucrt64\bin;C:\Ruby31-x64\msys64\usr\bin;C:\Program Files\PowerShell\7;C:\Program Files (x86)\Common Files\Oracle\Java\java8path;C:\Program Files (x86)\Common Files\Oracle\Java\javapath;C:\Program Files (x86)\VMware\VMware Player\bin\;C:\Program Files (x86)\NVIDIA Corporation\PhysX\Common;C:\WINDOWS\system32;C:\WINDOWS;C:\WINDOWS\System32\Wbem;C:\WINDOWS\System32\WindowsPowerShell\v1.0\;C:\WINDOWS\System32\OpenSSH\;C:\ProgramData\chocolatey\bin;C:\Users\Dolly\AppData\Local\Packages\PythonSoftwareFoundation.Python.3.7_qbz5n2kfra8p0\LocalCache\local-packages\Python37\Scripts\;C:\Program Files (x86)\oh-my-posh\bin;C:\Program Files\dotnet\;C:\Program Files (x86)\GTK2-Runtime\bin;c:\Users\Dolly\AppData\Local\Programs\cursor\resources\app\bin;C:\Program Files\gs\gs10.01.2\bin;C:\Program Files (x86)\Heavyocity\Heavyocity Portal;C:\Program Files\Pandoc\;C:\Program Files\PowerShell\7\;C:\Program Files\gsudo\Current;C:\Program Files\nodejs\;C:\Program Files\Meld\;C:\Program Files\Git\cmd;C:\Users\Dolly\AppData\Local\Programs\Python\Python311\Scripts\;C:\Users\Dolly\AppData\Local\Programs\Python\Python311\;C:\Users\Dolly\AppData\Local\Programs\Python\Launcher\;C:\Ruby31-x64\bin;C:\Users\Dolly\scoop\shims;C:\Users\Dolly\AppData\Local\Microsoft\WindowsApps;C:\OSGeo4W\bin;C:\bin\osm2pgsql-bin;C:\bin\platform-tools;C:\Users\Dolly\AppData\Local\Programs\oh-my-posh\bin;C:\Users\Dolly\AppData\Local\Programs\Hyper\resources\bin;C:\Users\Dolly\AppData\Local\GitHubDesktop\bin;C:\Program Files\ImageMagick-7.1.1-Q16-HDRI;C:\Users\Dolly\AppData\Local\Microsoft\WinGet\Packages\jqlang.jq_Microsoft.Winget.Source_8wekyb3d8bbwe;C:\Program Files\snap\bin;C:\Users\Dolly\.dotnet\tools;C:\Program Files\Vim\vim90;C:\Users\Dolly\AppData\Roaming\npm;C:\Users\Dolly\AppData\Local\Programs\Microsoft VS Code Insiders\bin" "gcc -IC:/Ruby31-x64/include/ruby-3.1.0/x64-mingw-ucrt -IC:/Ruby31-x64/include/ruby-3.1.0/ruby/backward -IC:/Ruby31-x64/include/ruby-3.1.0 -I. -D__USE_MINGW_ANSI_STDIO=1 -DFD_SETSIZE=2048 -D_WIN32_WINNT=0x0600 -D__MINGW_USE_VC2005_COMPAT -D_FILE_OFFSET_BITS=64  -O3 -fno-fast-math -fstack-protector-strong -m64  -c conftest.c"
checked program was:
/* begin */
1: #include "ruby.h"
2: 
3: #include <winsock2.h>
4: #include <windows.h>
5: #include <ruby.h>
6: 
7: /*top*/
8: typedef int conftest_type;
9: conftest_type conftestval = (int)RB_WARN_CATEGORY_DEPRECATED;
/* end */

--------------------

